Arguments: 
  /Users/jonathankolnik/.nvm/versions/node/v12.2.0/bin/node /usr/local/Cellar/yarn/1.22.4/libexec/bin/yarn.js run build

PATH: 
  /Users/jonathankolnik/.rvm/gems/ruby-2.3.3/bin:/Users/jonathankolnik/.rvm/gems/ruby-2.3.3@global/bin:/Users/jonathankolnik/.rvm/rubies/ruby-2.3.3/bin:/usr/local/opt/postgresql@11/bin:/Users/jonathankolnik/.sdkman/candidates/gradle/current/bin:/Users/jonathankolnik/.nvm/versions/node/v12.2.0/bin:/Users/jonathankolnik/lello/node_modules/.bin/:/usr/local/share/npm/bin:/Users/jonathankolnik/lello/node_modules/.bin/:/usr/local/share/npm/bin:/usr/local/bin:/Users/jonathankolnik/lello/node_modules/.bin/:/usr/local/share/npm/bin:/usr/local/bin:/usr/local/bin:/usr/bin:/bin:/usr/sbin:/sbin:/Applications/Wireshark.app/Contents/MacOS:/Users/jonathankolnik/.rvm/bin:/usr/local/bin:/Users/jonathankolnik/.fzf/bin

Yarn version: 
  1.22.4

Node version: 
  12.2.0

Platform: 
  darwin x64

Trace: 
  SyntaxError: /Users/jonathankolnik/storybook-contrast/package.json: Unexpected token / in JSON at position 64
      at JSON.parse (<anonymous>)
      at /usr/local/Cellar/yarn/1.22.4/libexec/lib/cli.js:1625:59
      at Generator.next (<anonymous>)
      at step (/usr/local/Cellar/yarn/1.22.4/libexec/lib/cli.js:310:30)
      at /usr/local/Cellar/yarn/1.22.4/libexec/lib/cli.js:321:13

npm manifest: 
  {
      "name": "storybook-contrast",
      "version": "0.0.1",
      // "description": "storybook.js addon providing live react story editing and preview",
      "main": "dist/index.js",
      "scripts": {
          "clean": "rimraf dist",
          "build": "npm run clean && babel src --ignore src/__tests__,src/__mocks__ --out-dir dist -s",
          "lint": "eslint src --ext .js --cache",
          "test": "jest",
          "prepare": "npm run build",
          "example": "start-storybook -p 3000 -c ./example/.storybook -s ./example"
      },
      // "author": "Adam Makświej <adam.makswiej@gmail.com>",
      // "repository": {
      //   "type": "git",
      //   "url": "https://github.com/vertexbz/storybook-addon-react-live-edit.git"
      // },
      "license": "MIT",
      "dependencies": {
          "@babel/standalone": "^7.0.0",
          "codemirror": "^5.40.0"
      },
      "devDependencies": {
          "@storybook/addons": "^3.4.11",
          "@storybook/components": "^3.4.11",
          "@storybook/react": "^3.4.11",
          "babel-cli": "^6.26.0",
          "babel-eslint": "^8.2.2",
          "babel-loader": "^7.1.3",
          "babel-plugin-codegen": "^3.0.0",
          "babel-plugin-transform-class-properties": "^6.24.1",
          "babel-plugin-transform-object-rest-spread": "^6.26.0",
          "babel-preset-flow": "^6.23.0",
          "babel-preset-latest": "^6.24.1",
          "babel-preset-react": "^6.24.1",
          "enzyme": "^3.6.0",
          "enzyme-adapter-react-16": "^1.5.0",
          "enzyme-to-json": "^3.3.4",
          "eslint": "^5.5.0",
          "eslint-plugin-flowtype": "^2.46.1",
          "eslint-plugin-jest": "^21.22.0",
          "eslint-plugin-no-only-tests": "^2.0.0",
          "eslint-plugin-react": "^7.7.0",
          "flow-bin": "^0.80.0",
          "jest": "^23.5.0",
          "mensch": "^0.3.3",
          "react": "^16.3.0",
          "react-dom": "^16.5.0",
          "rimraf": "^2.6.2"
      },
      "peerDependencies": {
          "@storybook/addons": "^3",
          "@storybook/components": "^3",
          "@storybook/react": "^3",
          "react": "^15 || ^16"
      },
      "keywords": ["storybook", "addon", "react", "flow", "editor", "live"]
  }

yarn manifest: 
  No manifest

Lockfile: 
  # THIS IS AN AUTOGENERATED FILE. DO NOT EDIT THIS FILE DIRECTLY.
  # yarn lockfile v1
  
  
  "@babel/code-frame@^7.0.0":
    version "7.10.4"
    resolved "https://registry.yarnpkg.com/@babel/code-frame/-/code-frame-7.10.4.tgz#168da1a36e90da68ae8d49c0f1b48c7c6249213a"
    integrity sha512-vG6SvB6oYEhvgisZNFRmRCUkLz11c7rp+tbNTynGqc6mS1d5ATd/sGyV6W0KZZnXRKMTzZDRgQT3Ou9jhpAfUg==
    dependencies:
      "@babel/highlight" "^7.10.4"
  
  "@babel/helper-module-imports@^7.0.0":
    version "7.10.4"
    resolved "https://registry.yarnpkg.com/@babel/helper-module-imports/-/helper-module-imports-7.10.4.tgz#4c5c54be04bd31670a7382797d75b9fa2e5b5620"
    integrity sha512-nEQJHqYavI217oD9+s5MUBzk6x1IlvoS9WTPfgG43CbMEeStE0v+r+TucWdx8KFGowPGvyOkDT9+7DHedIDnVw==
    dependencies:
      "@babel/types" "^7.10.4"
  
  "@babel/helper-validator-identifier@^7.10.4":
    version "7.10.4"
    resolved "https://registry.yarnpkg.com/@babel/helper-validator-identifier/-/helper-validator-identifier-7.10.4.tgz#a78c7a7251e01f616512d31b10adcf52ada5e0d2"
    integrity sha512-3U9y+43hz7ZM+rzG24Qe2mufW5KhvFg/NhnNph+i9mgCtdTCtMJuI1TMkrIUiK7Ix4PYlRF9I5dhqaLYA/ADXw==
  
  "@babel/highlight@^7.10.4":
    version "7.10.4"
    resolved "https://registry.yarnpkg.com/@babel/highlight/-/highlight-7.10.4.tgz#7d1bdfd65753538fabe6c38596cdb76d9ac60143"
    integrity sha512-i6rgnR/YgPEQzZZnbTHHuZdlE8qyoBNalD6F+q4vAFlcMEcqmkoG+mPqJYJCo63qPf74+Y1UZsl3l6f7/RIkmA==
    dependencies:
      "@babel/helper-validator-identifier" "^7.10.4"
      chalk "^2.0.0"
      js-tokens "^4.0.0"
  
  "@babel/runtime@^7.10.2", "@babel/runtime@^7.10.4", "@babel/runtime@^7.3.1", "@babel/runtime@^7.5.5", "@babel/runtime@^7.7.2", "@babel/runtime@^7.9.2":
    version "7.11.2"
    resolved "https://registry.yarnpkg.com/@babel/runtime/-/runtime-7.11.2.tgz#f549c13c754cc40b87644b9fa9f09a6a95fe0736"
    integrity sha512-TeWkU52so0mPtDcaCTxNBI/IHiz0pZgr8VEFqXFtZWpYD08ZB6FaSwVAS8MKRQAP3bYKiVjwysOJgMFY28o6Tw==
    dependencies:
      regenerator-runtime "^0.13.4"
  
  "@babel/types@^7.10.4":
    version "7.11.5"
    resolved "https://registry.yarnpkg.com/@babel/types/-/types-7.11.5.tgz#d9de577d01252d77c6800cee039ee64faf75662d"
    integrity sha512-bvM7Qz6eKnJVFIn+1LPtjlBFPVN5jNDc1XmN15vWe7Q3DPBufWWsLiIvUu7xW87uTG6QoggpIDnUgLQvPheU+Q==
    dependencies:
      "@babel/helper-validator-identifier" "^7.10.4"
      lodash "^4.17.19"
      to-fast-properties "^2.0.0"
  
  "@emotion/cache@^10.0.27":
    version "10.0.29"
    resolved "https://registry.yarnpkg.com/@emotion/cache/-/cache-10.0.29.tgz#87e7e64f412c060102d589fe7c6dc042e6f9d1e0"
    integrity sha512-fU2VtSVlHiF27empSbxi1O2JFdNWZO+2NFHfwO0pxgTep6Xa3uGb+3pVKfLww2l/IBGLNEZl5Xf/++A4wAYDYQ==
    dependencies:
      "@emotion/sheet" "0.9.4"
      "@emotion/stylis" "0.8.5"
      "@emotion/utils" "0.11.3"
      "@emotion/weak-memoize" "0.2.5"
  
  "@emotion/core@^10.0.20":
    version "10.0.35"
    resolved "https://registry.yarnpkg.com/@emotion/core/-/core-10.0.35.tgz#513fcf2e22cd4dfe9d3894ed138c9d7a859af9b3"
    integrity sha512-sH++vJCdk025fBlRZSAhkRlSUoqSqgCzYf5fMOmqqi3bM6how+sQpg3hkgJonj8GxXM4WbD7dRO+4tegDB9fUw==
    dependencies:
      "@babel/runtime" "^7.5.5"
      "@emotion/cache" "^10.0.27"
      "@emotion/css" "^10.0.27"
      "@emotion/serialize" "^0.11.15"
      "@emotion/sheet" "0.9.4"
      "@emotion/utils" "0.11.3"
  
  "@emotion/css@^10.0.27":
    version "10.0.27"
    resolved "https://registry.yarnpkg.com/@emotion/css/-/css-10.0.27.tgz#3a7458198fbbebb53b01b2b87f64e5e21241e14c"
    integrity sha512-6wZjsvYeBhyZQYNrGoR5yPMYbMBNEnanDrqmsqS1mzDm1cOTu12shvl2j4QHNS36UaTE0USIJawCH9C8oW34Zw==
    dependencies:
      "@emotion/serialize" "^0.11.15"
      "@emotion/utils" "0.11.3"
      babel-plugin-emotion "^10.0.27"
  
  "@emotion/hash@0.8.0":
    version "0.8.0"
    resolved "https://registry.yarnpkg.com/@emotion/hash/-/hash-0.8.0.tgz#bbbff68978fefdbe68ccb533bc8cbe1d1afb5413"
    integrity sha512-kBJtf7PH6aWwZ6fka3zQ0p6SBYzx4fl1LoZXE2RrnYST9Xljm7WfKJrU4g/Xr3Beg72MLrp1AWNUmuYJTL7Cow==
  
  "@emotion/is-prop-valid@0.8.8", "@emotion/is-prop-valid@^0.8.6":
    version "0.8.8"
    resolved "https://registry.yarnpkg.com/@emotion/is-prop-valid/-/is-prop-valid-0.8.8.tgz#db28b1c4368a259b60a97311d6a952d4fd01ac1a"
    integrity sha512-u5WtneEAr5IDG2Wv65yhunPSMLIpuKsbuOktRojfrEiEvRyC85LgPMZI63cr7NUqT8ZIGdSVg8ZKGxIug4lXcA==
    dependencies:
      "@emotion/memoize" "0.7.4"
  
  "@emotion/memoize@0.7.4":
    version "0.7.4"
    resolved "https://registry.yarnpkg.com/@emotion/memoize/-/memoize-0.7.4.tgz#19bf0f5af19149111c40d98bb0cf82119f5d9eeb"
    integrity sha512-Ja/Vfqe3HpuzRsG1oBtWTHk2PGZ7GR+2Vz5iYGelAw8dx32K0y7PjVuxK6z1nMpZOqAFsRUPCkK1YjJ56qJlgw==
  
  "@emotion/serialize@^0.11.15", "@emotion/serialize@^0.11.16":
    version "0.11.16"
    resolved "https://registry.yarnpkg.com/@emotion/serialize/-/serialize-0.11.16.tgz#dee05f9e96ad2fb25a5206b6d759b2d1ed3379ad"
    integrity sha512-G3J4o8by0VRrO+PFeSc3js2myYNOXVJ3Ya+RGVxnshRYgsvErfAOglKAiy1Eo1vhzxqtUvjCyS5gtewzkmvSSg==
    dependencies:
      "@emotion/hash" "0.8.0"
      "@emotion/memoize" "0.7.4"
      "@emotion/unitless" "0.7.5"
      "@emotion/utils" "0.11.3"
      csstype "^2.5.7"
  
  "@emotion/sheet@0.9.4":
    version "0.9.4"
    resolved "https://registry.yarnpkg.com/@emotion/sheet/-/sheet-0.9.4.tgz#894374bea39ec30f489bbfc3438192b9774d32e5"
    integrity sha512-zM9PFmgVSqBw4zL101Q0HrBVTGmpAxFZH/pYx/cjJT5advXguvcgjHFTCaIO3enL/xr89vK2bh0Mfyj9aa0ANA==
  
  "@emotion/styled-base@^10.0.27":
    version "10.0.31"
    resolved "https://registry.yarnpkg.com/@emotion/styled-base/-/styled-base-10.0.31.tgz#940957ee0aa15c6974adc7d494ff19765a2f742a"
    integrity sha512-wTOE1NcXmqMWlyrtwdkqg87Mu6Rj1MaukEoEmEkHirO5IoHDJ8LgCQL4MjJODgxWxXibGR3opGp1p7YvkNEdXQ==
    dependencies:
      "@babel/runtime" "^7.5.5"
      "@emotion/is-prop-valid" "0.8.8"
      "@emotion/serialize" "^0.11.15"
      "@emotion/utils" "0.11.3"
  
  "@emotion/styled@^10.0.17":
    version "10.0.27"
    resolved "https://registry.yarnpkg.com/@emotion/styled/-/styled-10.0.27.tgz#12cb67e91f7ad7431e1875b1d83a94b814133eaf"
    integrity sha512-iK/8Sh7+NLJzyp9a5+vIQIXTYxfT4yB/OJbjzQanB2RZpvmzBQOHZWhpAMZWYEKRNNbsD6WfBw5sVWkb6WzS/Q==
    dependencies:
      "@emotion/styled-base" "^10.0.27"
      babel-plugin-emotion "^10.0.27"
  
  "@emotion/stylis@0.8.5":
    version "0.8.5"
    resolved "https://registry.yarnpkg.com/@emotion/stylis/-/stylis-0.8.5.tgz#deacb389bd6ee77d1e7fcaccce9e16c5c7e78e04"
    integrity sha512-h6KtPihKFn3T9fuIrwvXXUOwlx3rfUvfZIcP5a6rh8Y7zjE3O06hT5Ss4S/YI1AYhuZ1kjaE/5EaOOI2NqSylQ==
  
  "@emotion/unitless@0.7.5":
    version "0.7.5"
    resolved "https://registry.yarnpkg.com/@emotion/unitless/-/unitless-0.7.5.tgz#77211291c1900a700b8a78cfafda3160d76949ed"
    integrity sha512-OWORNpfjMsSSUBVrRBVGECkhWcULOAJz9ZW8uK9qgxD+87M7jHRcvh/A96XXNhXTLmKcoYSQtBEX7lHMO7YRwg==
  
  "@emotion/utils@0.11.3":
    version "0.11.3"
    resolved "https://registry.yarnpkg.com/@emotion/utils/-/utils-0.11.3.tgz#a759863867befa7e583400d322652a3f44820924"
    integrity sha512-0o4l6pZC+hI88+bzuaX/6BgOvQVhbt2PfmxauVaYOGgbsAw14wdKyvMCZXnsnsHys94iadcF+RG/wZyx6+ZZBw==
  
  "@emotion/weak-memoize@0.2.5":
    version "0.2.5"
    resolved "https://registry.yarnpkg.com/@emotion/weak-memoize/-/weak-memoize-0.2.5.tgz#8eed982e2ee6f7f4e44c253e12962980791efd46"
    integrity sha512-6U71C2Wp7r5XtFtQzYrW5iKFT67OixrSxjI4MptCHzdSVlgabczzqLe0ZSgnub/5Kp4hSbpDB1tMytZY9pwxxA==
  
  "@icons/material@^0.2.4":
    version "0.2.4"
    resolved "https://registry.yarnpkg.com/@icons/material/-/material-0.2.4.tgz#e90c9f71768b3736e76d7dd6783fc6c2afa88bc8"
    integrity sha512-QPcGmICAPbGLGb6F/yNf/KzKqvFx8z5qx3D1yFqVAjoFmXK35EgyW+cJ57Te3CNsmzblwtzakLGFqHPqrfb4Tw==
  
  "@popperjs/core@^2.4.4":
    version "2.5.2"
    resolved "https://registry.yarnpkg.com/@popperjs/core/-/core-2.5.2.tgz#d3217d5f630766c0c92fbd55cf285ba64de0578b"
    integrity sha512-tVkIU9JQw5fYPxLQgok/a7I6J1eEZ79svwQGpe2mb3jlVsPADOleefOnQBiS/takK7jQuNeswCUicMH1VWVziA==
  
  "@reach/router@^1.3.3":
    version "1.3.4"
    resolved "https://registry.yarnpkg.com/@reach/router/-/router-1.3.4.tgz#d2574b19370a70c80480ed91f3da840136d10f8c"
    integrity sha512-+mtn9wjlB9NN2CNnnC/BRYtwdKBfSyyasPYraNAyvaV1occr/5NnB4CVzjEZipNHwYebQwcndGUmpFzxAUoqSA==
    dependencies:
      create-react-context "0.3.0"
      invariant "^2.2.3"
      prop-types "^15.6.1"
      react-lifecycles-compat "^3.0.4"
  
  "@storybook/addons@6.1.0-alpha.16":
    version "6.1.0-alpha.16"
    resolved "https://registry.yarnpkg.com/@storybook/addons/-/addons-6.1.0-alpha.16.tgz#67529fe211d11fc9766eb3724c5a9b3708d0b9f0"
    integrity sha512-nb0Mho1DFxzjxEsTTmraThuHNKB8kq2vGo8zH90GW2CXDIWve26DKlDgjpTdPdBDSvzXqU/lDcRrDIoGTIxhWQ==
    dependencies:
      "@storybook/api" "6.1.0-alpha.16"
      "@storybook/channels" "6.1.0-alpha.16"
      "@storybook/client-logger" "6.1.0-alpha.16"
      "@storybook/core-events" "6.1.0-alpha.16"
      "@storybook/router" "6.1.0-alpha.16"
      "@storybook/theming" "6.1.0-alpha.16"
      core-js "^3.0.1"
      global "^4.3.2"
      react "^16.8.3"
      react-dom "^16.8.3"
      regenerator-runtime "^0.13.3"
  
  "@storybook/api@6.1.0-alpha.16":
    version "6.1.0-alpha.16"
    resolved "https://registry.yarnpkg.com/@storybook/api/-/api-6.1.0-alpha.16.tgz#46e45275a83987c86ea4fe654ee06f93bb682342"
    integrity sha512-S01lTCdowXSPwriihQ0z2ynJNIx0qdpKQPEix71EjTZq/eGm5qrRaNfI2Wp/tiTvultc7Lpolsxx92HVcGfyhA==
    dependencies:
      "@reach/router" "^1.3.3"
      "@storybook/channels" "6.1.0-alpha.16"
      "@storybook/client-logger" "6.1.0-alpha.16"
      "@storybook/core-events" "6.1.0-alpha.16"
      "@storybook/csf" "0.0.1"
      "@storybook/router" "6.1.0-alpha.16"
      "@storybook/semver" "^7.3.2"
      "@storybook/theming" "6.1.0-alpha.16"
      "@types/reach__router" "^1.3.5"
      core-js "^3.0.1"
      fast-deep-equal "^3.1.1"
      global "^4.3.2"
      lodash "^4.17.15"
      memoizerific "^1.11.3"
      react "^16.8.3"
      react-dom "^16.8.3"
      regenerator-runtime "^0.13.3"
      store2 "^2.7.1"
      telejson "^5.0.2"
      ts-dedent "^1.1.1"
      util-deprecate "^1.0.2"
  
  "@storybook/channel-postmessage@6.1.0-alpha.16":
    version "6.1.0-alpha.16"
    resolved "https://registry.yarnpkg.com/@storybook/channel-postmessage/-/channel-postmessage-6.1.0-alpha.16.tgz#1229b5b39b81597dd152eea80219a91e976fa911"
    integrity sha512-p5Gaz+wsr8oiHSJrisohtaFKo1ja2awtVr9SBrZ63EyNQy9Mr13lx1g0TSe/0+sIPNYx7RvHXeF3iCdF+6Ob2g==
    dependencies:
      "@storybook/channels" "6.1.0-alpha.16"
      "@storybook/client-logger" "6.1.0-alpha.16"
      "@storybook/core-events" "6.1.0-alpha.16"
      core-js "^3.0.1"
      global "^4.3.2"
      qs "^6.6.0"
      telejson "^5.0.2"
  
  "@storybook/channels@6.1.0-alpha.16":
    version "6.1.0-alpha.16"
    resolved "https://registry.yarnpkg.com/@storybook/channels/-/channels-6.1.0-alpha.16.tgz#590d21106446f4d7797890e1f0c0ebc82a46481d"
    integrity sha512-b2LWu2kU3s8w5pdtOXUuCWVs0s8O8qjNifR9ZnfUJAzbF6pKd+Xl8u7Ip2070DOOSFMF4y8k/ZZFEdOnAF3i0Q==
    dependencies:
      core-js "^3.0.1"
      ts-dedent "^1.1.1"
      util-deprecate "^1.0.2"
  
  "@storybook/client-api@6.1.0-alpha.16":
    version "6.1.0-alpha.16"
    resolved "https://registry.yarnpkg.com/@storybook/client-api/-/client-api-6.1.0-alpha.16.tgz#31f166eabcb54aca78457beb2ae9fc4f7881ca43"
    integrity sha512-fHrFoFGpRv1iRmlf8oCqWfCCpOJUvSB3U4VQEM7GAfYTllzbYj4/ldfXKiGZDXL+PkA7MNmLXbIFuL7ubXw0fw==
    dependencies:
      "@storybook/addons" "6.1.0-alpha.16"
      "@storybook/channel-postmessage" "6.1.0-alpha.16"
      "@storybook/channels" "6.1.0-alpha.16"
      "@storybook/client-logger" "6.1.0-alpha.16"
      "@storybook/core-events" "6.1.0-alpha.16"
      "@storybook/csf" "0.0.1"
      "@types/qs" "^6.9.0"
      "@types/webpack-env" "^1.15.2"
      core-js "^3.0.1"
      global "^4.3.2"
      lodash "^4.17.15"
      memoizerific "^1.11.3"
      qs "^6.6.0"
      react "^16.8.3"
      react-dom "^16.8.3"
      stable "^0.1.8"
      store2 "^2.7.1"
      ts-dedent "^1.1.1"
      util-deprecate "^1.0.2"
  
  "@storybook/client-logger@6.1.0-alpha.16":
    version "6.1.0-alpha.16"
    resolved "https://registry.yarnpkg.com/@storybook/client-logger/-/client-logger-6.1.0-alpha.16.tgz#248ae56fbced55fe27f7a6e77b871ef892ab1891"
    integrity sha512-k92LS19h1BUoLGgMV1H+EJD0SvDzxN4vcJrunRFs0nGgU8BqiGnNtWsjJKdFY4hNRvzQOKcCI4lYsZz92GqNnQ==
    dependencies:
      core-js "^3.0.1"
      global "^4.3.2"
  
  "@storybook/components@6.1.0-alpha.16":
    version "6.1.0-alpha.16"
    resolved "https://registry.yarnpkg.com/@storybook/components/-/components-6.1.0-alpha.16.tgz#c5b98dc5820dd9bb8ed0b2809920ded1612b1e0a"
    integrity sha512-5xV/z+Xw2Rxxv6g8CXbz+RccfQg5e53oTGIDe7gnn+esM3Q194RIlJm6b8hEceOe++0j6Dq+lgdog2nb7sr6zg==
    dependencies:
      "@popperjs/core" "^2.4.4"
      "@storybook/client-logger" "6.1.0-alpha.16"
      "@storybook/csf" "0.0.1"
      "@storybook/theming" "6.1.0-alpha.16"
      "@types/overlayscrollbars" "^1.9.0"
      "@types/react-color" "^3.0.1"
      "@types/react-syntax-highlighter" "11.0.4"
      core-js "^3.0.1"
      fast-deep-equal "^3.1.1"
      global "^4.3.2"
      lodash "^4.17.15"
      markdown-to-jsx "^6.11.4"
      memoizerific "^1.11.3"
      overlayscrollbars "^1.10.2"
      polished "^3.4.4"
      react "^16.8.3"
      react-color "^2.17.0"
      react-dom "^16.8.3"
      react-popper-tooltip "^3.1.0"
      react-syntax-highlighter "^13.5.0"
      react-textarea-autosize "^8.1.1"
      ts-dedent "^1.1.1"
  
  "@storybook/core-events@6.1.0-alpha.16":
    version "6.1.0-alpha.16"
    resolved "https://registry.yarnpkg.com/@storybook/core-events/-/core-events-6.1.0-alpha.16.tgz#cd0deae2b27576c2fc51a27c9853879c7e30ed4c"
    integrity sha512-oouYHlGqPQwQo0jpUDopTJGKgLSrhkJtbD3iylDev3kwLa2vSS8CMlKdMotmREMN8C3tizhvzphb3uoQL5G6Qg==
    dependencies:
      core-js "^3.0.1"
  
  "@storybook/csf@0.0.1":
    version "0.0.1"
    resolved "https://registry.yarnpkg.com/@storybook/csf/-/csf-0.0.1.tgz#95901507dc02f0bc6f9ac8ee1983e2fc5bb98ce6"
    integrity sha512-USTLkZze5gkel8MYCujSRBVIrUQ3YPBrLOx7GNk/0wttvVtlzWXAq9eLbQ4p/NicGxP+3T7KPEMVV//g+yubpw==
    dependencies:
      lodash "^4.17.15"
  
  "@storybook/node-logger@6.1.0-alpha.16":
    version "6.1.0-alpha.16"
    resolved "https://registry.yarnpkg.com/@storybook/node-logger/-/node-logger-6.1.0-alpha.16.tgz#d392feb3f983431beec4dbaba6319228a1d50643"
    integrity sha512-yDzWxoaj/V3qbUCqmTDJFl66zCT8wJ7ZaH4lPUTGJ+wEKvXmgRSEZhXxtC6JhBjKFtKWbzEkeE6/1FKjfzvC3Q==
    dependencies:
      "@types/npmlog" "^4.1.2"
      chalk "^4.0.0"
      core-js "^3.0.1"
      npmlog "^4.1.2"
      pretty-hrtime "^1.0.3"
  
  "@storybook/router@6.1.0-alpha.16":
    version "6.1.0-alpha.16"
    resolved "https://registry.yarnpkg.com/@storybook/router/-/router-6.1.0-alpha.16.tgz#fe168913d00fc44b25a1c1b65b502966f6e21fde"
    integrity sha512-7P56YbKJtkw2LiHYU7OObJ7f9ojk6tRNvz1Mr2yP97YLMU1/2edLyzbgIeNsDMLx7sjqH4NIMP2Fj9TtSlHtuA==
    dependencies:
      "@reach/router" "^1.3.3"
      "@types/reach__router" "^1.3.5"
      core-js "^3.0.1"
      global "^4.3.2"
      memoizerific "^1.11.3"
      qs "^6.6.0"
      react "^16.8.3"
      react-dom "^16.8.3"
  
  "@storybook/semver@^7.3.2":
    version "7.3.2"
    resolved "https://registry.yarnpkg.com/@storybook/semver/-/semver-7.3.2.tgz#f3b9c44a1c9a0b933c04e66d0048fcf2fa10dac0"
    integrity sha512-SWeszlsiPsMI0Ps0jVNtH64cI5c0UF3f7KgjVKJoNP30crQ6wUSddY2hsdeczZXEKVJGEn50Q60flcGsQGIcrg==
    dependencies:
      core-js "^3.6.5"
      find-up "^4.1.0"
  
  "@storybook/theming@6.1.0-alpha.16":
    version "6.1.0-alpha.16"
    resolved "https://registry.yarnpkg.com/@storybook/theming/-/theming-6.1.0-alpha.16.tgz#40c8feec1239c8e584cba66521808a5954721835"
    integrity sha512-ejrS/BUTfIYYZgjanzaFagG1SCHxSnEdKMwOdD1kuE2mHWlsR8sqdtVSbjqQ/+XYakmark2jvki+WWbW7Zk52Q==
    dependencies:
      "@emotion/core" "^10.0.20"
      "@emotion/is-prop-valid" "^0.8.6"
      "@emotion/styled" "^10.0.17"
      "@storybook/client-logger" "6.1.0-alpha.16"
      core-js "^3.0.1"
      deep-object-diff "^1.1.0"
      emotion-theming "^10.0.19"
      global "^4.3.2"
      memoizerific "^1.11.3"
      polished "^3.4.4"
      react "^16.8.3"
      react-dom "^16.8.3"
      resolve-from "^5.0.0"
      ts-dedent "^1.1.1"
  
  "@types/color-name@^1.1.1":
    version "1.1.1"
    resolved "https://registry.yarnpkg.com/@types/color-name/-/color-name-1.1.1.tgz#1c1261bbeaa10a8055bbc5d8ab84b7b2afc846a0"
    integrity sha512-rr+OQyAjxze7GgWrSaJwydHStIhHq2lvY3BOC2Mj7KnzI7XK0Uw1TOOdI9lDoajEbSWLiYgoo4f1R51erQfhPQ==
  
  "@types/history@*":
    version "4.7.8"
    resolved "https://registry.yarnpkg.com/@types/history/-/history-4.7.8.tgz#49348387983075705fe8f4e02fb67f7daaec4934"
    integrity sha512-S78QIYirQcUoo6UJZx9CSP0O2ix9IaeAXwQi26Rhr/+mg7qqPy8TzaxHSUut7eGjL8WmLccT7/MXf304WjqHcA==
  
  "@types/is-function@^1.0.0":
    version "1.0.0"
    resolved "https://registry.yarnpkg.com/@types/is-function/-/is-function-1.0.0.tgz#1b0b819b1636c7baf0d6785d030d12edf70c3e83"
    integrity sha512-iTs9HReBu7evG77Q4EC8hZnqRt57irBDkK9nvmHroiOIVwYMQc4IvYvdRgwKfYepunIY7Oh/dBuuld+Gj9uo6w==
  
  "@types/npmlog@^4.1.2":
    version "4.1.2"
    resolved "https://registry.yarnpkg.com/@types/npmlog/-/npmlog-4.1.2.tgz#d070fe6a6b78755d1092a3dc492d34c3d8f871c4"
    integrity sha512-4QQmOF5KlwfxJ5IGXFIudkeLCdMABz03RcUXu+LCb24zmln8QW6aDjuGl4d4XPVLf2j+FnjelHTP7dvceAFbhA==
  
  "@types/overlayscrollbars@^1.9.0":
    version "1.12.0"
    resolved "https://registry.yarnpkg.com/@types/overlayscrollbars/-/overlayscrollbars-1.12.0.tgz#98456caceca8ad73bd5bb572632a585074e70764"
    integrity sha512-h/pScHNKi4mb+TrJGDon8Yb06ujFG0mSg12wIO0sWMUF3dQIe2ExRRdNRviaNt9IjxIiOfnRr7FsQAdHwK4sMg==
  
  "@types/parse-json@^4.0.0":
    version "4.0.0"
    resolved "https://registry.yarnpkg.com/@types/parse-json/-/parse-json-4.0.0.tgz#2f8bb441434d163b35fb8ffdccd7138927ffb8c0"
    integrity sha512-//oorEZjL6sbPcKUaCdIGlIUeH26mgzimjBB77G6XRgnDl/L5wOnpyBGRe/Mmf5CVW3PwEBE1NjiMZ/ssFh4wA==
  
  "@types/prop-types@*":
    version "15.7.3"
    resolved "https://registry.yarnpkg.com/@types/prop-types/-/prop-types-15.7.3.tgz#2ab0d5da2e5815f94b0b9d4b95d1e5f243ab2ca7"
    integrity sha512-KfRL3PuHmqQLOG+2tGpRO26Ctg+Cq1E01D2DMriKEATHgWLfeNDmq9e29Q9WIky0dQ3NPkd1mzYH8Lm936Z9qw==
  
  "@types/qs@^6.9.0":
    version "6.9.5"
    resolved "https://registry.yarnpkg.com/@types/qs/-/qs-6.9.5.tgz#434711bdd49eb5ee69d90c1d67c354a9a8ecb18b"
    integrity sha512-/JHkVHtx/REVG0VVToGRGH2+23hsYLHdyG+GrvoUGlGAd0ErauXDyvHtRI/7H7mzLm+tBCKA7pfcpkQ1lf58iQ==
  
  "@types/reach__router@^1.3.5":
    version "1.3.5"
    resolved "https://registry.yarnpkg.com/@types/reach__router/-/reach__router-1.3.5.tgz#14e1e981cccd3a5e50dc9e969a72de0b9d472f6d"
    integrity sha512-h0NbqXN/tJuBY/xggZSej1SKQEstbHO7J/omt1tYoFGmj3YXOodZKbbqD4mNDh7zvEGYd7YFrac1LTtAr3xsYQ==
    dependencies:
      "@types/history" "*"
      "@types/react" "*"
  
  "@types/react-color@^3.0.1":
    version "3.0.4"
    resolved "https://registry.yarnpkg.com/@types/react-color/-/react-color-3.0.4.tgz#c63daf012ad067ac0127bdd86725f079d02082bd"
    integrity sha512-EswbYJDF1kkrx93/YU+BbBtb46CCtDMvTiGmcOa/c5PETnwTiSWoseJ1oSWeRl/4rUXkhME9bVURvvPg0W5YQw==
    dependencies:
      "@types/react" "*"
      "@types/reactcss" "*"
  
  "@types/react-syntax-highlighter@11.0.4":
    version "11.0.4"
    resolved "https://registry.yarnpkg.com/@types/react-syntax-highlighter/-/react-syntax-highlighter-11.0.4.tgz#d86d17697db62f98046874f62fdb3e53a0bbc4cd"
    integrity sha512-9GfTo3a0PHwQeTVoqs0g5bS28KkSY48pp5659wA+Dp4MqceDEa8EHBqrllJvvtyusszyJhViUEap0FDvlk/9Zg==
    dependencies:
      "@types/react" "*"
  
  "@types/react@*":
    version "16.9.49"
    resolved "https://registry.yarnpkg.com/@types/react/-/react-16.9.49.tgz#09db021cf8089aba0cdb12a49f8021a69cce4872"
    integrity sha512-DtLFjSj0OYAdVLBbyjhuV9CdGVHCkHn2R+xr3XkBvK2rS1Y1tkc14XSGjYgm5Fjjr90AxH9tiSzc1pCFMGO06g==
    dependencies:
      "@types/prop-types" "*"
      csstype "^3.0.2"
  
  "@types/reactcss@*":
    version "1.2.3"
    resolved "https://registry.yarnpkg.com/@types/reactcss/-/reactcss-1.2.3.tgz#af28ae11bbb277978b99d04d1eedfd068ca71834"
    integrity sha512-d2gQQ0IL6hXLnoRfVYZukQNWHuVsE75DzFTLPUuyyEhJS8G2VvlE+qfQQ91SJjaMqlURRCNIsX7Jcsw6cEuJlA==
    dependencies:
      "@types/react" "*"
  
  "@types/webpack-env@^1.15.2":
    version "1.15.3"
    resolved "https://registry.yarnpkg.com/@types/webpack-env/-/webpack-env-1.15.3.tgz#fb602cd4c2f0b7c0fb857e922075fdf677d25d84"
    integrity sha512-5oiXqR7kwDGZ6+gmzIO2lTC+QsriNuQXZDWNYRV3l2XRN/zmPgnC21DLSx2D05zvD8vnXW6qUg7JnXZ4I6qLVQ==
  
  ansi-regex@^2.0.0:
    version "2.1.1"
    resolved "https://registry.yarnpkg.com/ansi-regex/-/ansi-regex-2.1.1.tgz#c3b33ab5ee360d86e0e628f0468ae7ef27d654df"
    integrity sha1-w7M6te42DYbg5ijwRorn7yfWVN8=
  
  ansi-regex@^3.0.0:
    version "3.0.0"
    resolved "https://registry.yarnpkg.com/ansi-regex/-/ansi-regex-3.0.0.tgz#ed0317c322064f79466c02966bddb605ab37d998"
    integrity sha1-7QMXwyIGT3lGbAKWa922Bas32Zg=
  
  ansi-styles@^3.2.1:
    version "3.2.1"
    resolved "https://registry.yarnpkg.com/ansi-styles/-/ansi-styles-3.2.1.tgz#41fbb20243e50b12be0f04b8dedbf07520ce841d"
    integrity sha512-VT0ZI6kZRdTh8YyJw3SMbYm/u+NqfsAxEpWO0Pf9sq8/e94WxxOpPKx9FR1FlyCtOVDNOQ+8ntlqFxiRc+r5qA==
    dependencies:
      color-convert "^1.9.0"
  
  ansi-styles@^4.1.0:
    version "4.2.1"
    resolved "https://registry.yarnpkg.com/ansi-styles/-/ansi-styles-4.2.1.tgz#90ae75c424d008d2624c5bf29ead3177ebfcf359"
    integrity sha512-9VGjrMsG1vePxcSweQsN20KY/c4zN0h9fLjqAbwbPfahM3t+NL+M9HC8xeXG2I8pX5NoamTGNuomEUFI7fcUjA==
    dependencies:
      "@types/color-name" "^1.1.1"
      color-convert "^2.0.1"
  
  aproba@^1.0.3:
    version "1.2.0"
    resolved "https://registry.yarnpkg.com/aproba/-/aproba-1.2.0.tgz#6802e6264efd18c790a1b0d517f0f2627bf2c94a"
    integrity sha512-Y9J6ZjXtoYh8RnXVCMOU/ttDmk1aBjunq9vO0ta5x85WDQiQfUF9sIPBITdbiiIVcBo03Hi3jMxigBtsddlXRw==
  
  are-we-there-yet@~1.1.2:
    version "1.1.5"
    resolved "https://registry.yarnpkg.com/are-we-there-yet/-/are-we-there-yet-1.1.5.tgz#4b35c2944f062a8bfcda66410760350fe9ddfc21"
    integrity sha512-5hYdAkZlcG8tOLujVDTgCT+uPX0VnpAH28gWsLfzpXYm7wP6mp5Q/gYyR7YQ0cKVJcXJnl3j2kpBan13PtQf6w==
    dependencies:
      delegates "^1.0.0"
      readable-stream "^2.0.6"
  
  babel-plugin-emotion@^10.0.27:
    version "10.0.33"
    resolved "https://registry.yarnpkg.com/babel-plugin-emotion/-/babel-plugin-emotion-10.0.33.tgz#ce1155dcd1783bbb9286051efee53f4e2be63e03"
    integrity sha512-bxZbTTGz0AJQDHm8k6Rf3RQJ8tX2scsfsRyKVgAbiUPUNIRtlK+7JxP+TAd1kRLABFxe0CFm2VdK4ePkoA9FxQ==
    dependencies:
      "@babel/helper-module-imports" "^7.0.0"
      "@emotion/hash" "0.8.0"
      "@emotion/memoize" "0.7.4"
      "@emotion/serialize" "^0.11.16"
      babel-plugin-macros "^2.0.0"
      babel-plugin-syntax-jsx "^6.18.0"
      convert-source-map "^1.5.0"
      escape-string-regexp "^1.0.5"
      find-root "^1.1.0"
      source-map "^0.5.7"
  
  babel-plugin-macros@^2.0.0:
    version "2.8.0"
    resolved "https://registry.yarnpkg.com/babel-plugin-macros/-/babel-plugin-macros-2.8.0.tgz#0f958a7cc6556b1e65344465d99111a1e5e10138"
    integrity sha512-SEP5kJpfGYqYKpBrj5XU3ahw5p5GOHJ0U5ssOSQ/WBVdwkD2Dzlce95exQTs3jOVWPPKLBN2rlEWkCK7dSmLvg==
    dependencies:
      "@babel/runtime" "^7.7.2"
      cosmiconfig "^6.0.0"
      resolve "^1.12.0"
  
  babel-plugin-syntax-jsx@^6.18.0:
    version "6.18.0"
    resolved "https://registry.yarnpkg.com/babel-plugin-syntax-jsx/-/babel-plugin-syntax-jsx-6.18.0.tgz#0af32a9a6e13ca7a3fd5069e62d7b0f58d0d8946"
    integrity sha1-CvMqmm4Tyno/1QaeYtew9Y0NiUY=
  
  callsites@^3.0.0:
    version "3.1.0"
    resolved "https://registry.yarnpkg.com/callsites/-/callsites-3.1.0.tgz#b3630abd8943432f54b3f0519238e33cd7df2f73"
    integrity sha512-P8BjAsXvZS+VIDUI11hHCQEv74YT67YUi5JJFNWIqL235sBmjX4+qx9Muvls5ivyNENctx46xQLQ3aTuE7ssaQ==
  
  chalk@^2.0.0:
    version "2.4.2"
    resolved "https://registry.yarnpkg.com/chalk/-/chalk-2.4.2.tgz#cd42541677a54333cf541a49108c1432b44c9424"
    integrity sha512-Mti+f9lpJNcwF4tWV8/OrTTtF1gZi+f8FqlyAdouralcFWFQWF2+NgCHShjkCb+IFBLq9buZwE1xckQU4peSuQ==
    dependencies:
      ansi-styles "^3.2.1"
      escape-string-regexp "^1.0.5"
      supports-color "^5.3.0"
  
  chalk@^4.0.0:
    version "4.1.0"
    resolved "https://registry.yarnpkg.com/chalk/-/chalk-4.1.0.tgz#4e14870a618d9e2edd97dd8345fd9d9dc315646a"
    integrity sha512-qwx12AxXe2Q5xQ43Ac//I6v5aXTipYrSESdOgzrN+9XjgEpyjpKuvSGaN4qE93f7TQTlerQQ8S+EQ0EyDoVL1A==
    dependencies:
      ansi-styles "^4.1.0"
      supports-color "^7.1.0"
  
  character-entities-legacy@^1.0.0:
    version "1.1.4"
    resolved "https://registry.yarnpkg.com/character-entities-legacy/-/character-entities-legacy-1.1.4.tgz#94bc1845dce70a5bb9d2ecc748725661293d8fc1"
    integrity sha512-3Xnr+7ZFS1uxeiUDvV02wQ+QDbc55o97tIV5zHScSPJpcLm/r0DFPcoY3tYRp+VZukxuMeKgXYmsXQHO05zQeA==
  
  character-entities@^1.0.0:
    version "1.2.4"
    resolved "https://registry.yarnpkg.com/character-entities/-/character-entities-1.2.4.tgz#e12c3939b7eaf4e5b15e7ad4c5e28e1d48c5b16b"
    integrity sha512-iBMyeEHxfVnIakwOuDXpVkc54HijNgCyQB2w0VfGQThle6NXn50zU6V/u+LDhxHcDUPojn6Kpga3PTAD8W1bQw==
  
  character-reference-invalid@^1.0.0:
    version "1.1.4"
    resolved "https://registry.yarnpkg.com/character-reference-invalid/-/character-reference-invalid-1.1.4.tgz#083329cda0eae272ab3dbbf37e9a382c13af1560"
    integrity sha512-mKKUkUbhPpQlCOfIuZkvSEgktjPFIsZKRRbC6KWVEMvlzblj3i3asQv5ODsrwt0N3pHAEvjP8KTQPHkp0+6jOg==
  
  clipboard@^2.0.0:
    version "2.0.6"
    resolved "https://registry.yarnpkg.com/clipboard/-/clipboard-2.0.6.tgz#52921296eec0fdf77ead1749421b21c968647376"
    integrity sha512-g5zbiixBRk/wyKakSwCKd7vQXDjFnAMGHoEyBogG/bw9kTD9GvdAvaoRR1ALcEzt3pVKxZR0pViekPMIS0QyGg==
    dependencies:
      good-listener "^1.2.2"
      select "^1.1.2"
      tiny-emitter "^2.0.0"
  
  code-point-at@^1.0.0:
    version "1.1.0"
    resolved "https://registry.yarnpkg.com/code-point-at/-/code-point-at-1.1.0.tgz#0d070b4d043a5bea33a2f1a40e2edb3d9a4ccf77"
    integrity sha1-DQcLTQQ6W+ozovGkDi7bPZpMz3c=
  
  color-convert@^1.9.0:
    version "1.9.3"
    resolved "https://registry.yarnpkg.com/color-convert/-/color-convert-1.9.3.tgz#bb71850690e1f136567de629d2d5471deda4c1e8"
    integrity sha512-QfAUtd+vFdAtFQcC8CCyYt1fYWxSqAiK2cSD6zDB8N3cpsEBAvRxp9zOGg6G/SHHJYAT88/az/IuDGALsNVbGg==
    dependencies:
      color-name "1.1.3"
  
  color-convert@^2.0.1:
    version "2.0.1"
    resolved "https://registry.yarnpkg.com/color-convert/-/color-convert-2.0.1.tgz#72d3a68d598c9bdb3af2ad1e84f21d896abd4de3"
    integrity sha512-RRECPsj7iu/xb5oKYcsFHSppFNnsj/52OVTRKb4zP5onXwVF3zVmmToNcOfGC+CRDpfK/U584fMg38ZHCaElKQ==
    dependencies:
      color-name "~1.1.4"
  
  color-name@1.1.3:
    version "1.1.3"
    resolved "https://registry.yarnpkg.com/color-name/-/color-name-1.1.3.tgz#a7d0558bd89c42f795dd42328f740831ca53bc25"
    integrity sha1-p9BVi9icQveV3UIyj3QIMcpTvCU=
  
  color-name@~1.1.4:
    version "1.1.4"
    resolved "https://registry.yarnpkg.com/color-name/-/color-name-1.1.4.tgz#c2a09a87acbde69543de6f63fa3995c826c536a2"
    integrity sha512-dOy+3AuW3a2wNbZHIuMZpTcgjGuLU/uBL/ubcZF9OXbDo8ff4O8yVp5Bf0efS8uEoYo5q4Fx7dY9OgQGXgAsQA==
  
  comma-separated-tokens@^1.0.0:
    version "1.0.8"
    resolved "https://registry.yarnpkg.com/comma-separated-tokens/-/comma-separated-tokens-1.0.8.tgz#632b80b6117867a158f1080ad498b2fbe7e3f5ea"
    integrity sha512-GHuDRO12Sypu2cV70d1dkA2EUmXHgntrzbpvOB+Qy+49ypNfGgFQIC2fhhXbnyrJRynDCAARsT7Ou0M6hirpfw==
  
  console-control-strings@^1.0.0, console-control-strings@~1.1.0:
    version "1.1.0"
    resolved "https://registry.yarnpkg.com/console-control-strings/-/console-control-strings-1.1.0.tgz#3d7cf4464db6446ea644bf4b39507f9851008e8e"
    integrity sha1-PXz0Rk22RG6mRL9LOVB/mFEAjo4=
  
  convert-source-map@^1.5.0:
    version "1.7.0"
    resolved "https://registry.yarnpkg.com/convert-source-map/-/convert-source-map-1.7.0.tgz#17a2cb882d7f77d3490585e2ce6c524424a3a442"
    integrity sha512-4FJkXzKXEDB1snCFZlLP4gpC3JILicCpGbzG9f9G7tGqGCzETQ2hWPrcinA9oU4wtf2biUaEH5065UnMeR33oA==
    dependencies:
      safe-buffer "~5.1.1"
  
  core-js@^3.0.1, core-js@^3.6.5:
    version "3.6.5"
    resolved "https://registry.yarnpkg.com/core-js/-/core-js-3.6.5.tgz#7395dc273af37fb2e50e9bd3d9fe841285231d1a"
    integrity sha512-vZVEEwZoIsI+vPEuoF9Iqf5H7/M3eeQqWlQnYa8FSKKePuYTf5MWnxb5SDAzCa60b3JBRS5g9b+Dq7b1y/RCrA==
  
  core-util-is@~1.0.0:
    version "1.0.2"
    resolved "https://registry.yarnpkg.com/core-util-is/-/core-util-is-1.0.2.tgz#b5fd54220aa2bc5ab57aab7140c940754503c1a7"
    integrity sha1-tf1UIgqivFq1eqtxQMlAdUUDwac=
  
  cosmiconfig@^6.0.0:
    version "6.0.0"
    resolved "https://registry.yarnpkg.com/cosmiconfig/-/cosmiconfig-6.0.0.tgz#da4fee853c52f6b1e6935f41c1a2fc50bd4a9982"
    integrity sha512-xb3ZL6+L8b9JLLCx3ZdoZy4+2ECphCMo2PwqgP1tlfVq6M6YReyzBJtvWWtbDSpNr9hn96pkCiZqUcFEc+54Qg==
    dependencies:
      "@types/parse-json" "^4.0.0"
      import-fresh "^3.1.0"
      parse-json "^5.0.0"
      path-type "^4.0.0"
      yaml "^1.7.2"
  
  create-react-context@0.3.0:
    version "0.3.0"
    resolved "https://registry.yarnpkg.com/create-react-context/-/create-react-context-0.3.0.tgz#546dede9dc422def0d3fc2fe03afe0bc0f4f7d8c"
    integrity sha512-dNldIoSuNSvlTJ7slIKC/ZFGKexBMBrrcc+TTe1NdmROnaASuLPvqpwj9v4XS4uXZ8+YPu0sNmShX2rXI5LNsw==
    dependencies:
      gud "^1.0.0"
      warning "^4.0.3"
  
  csstype@^2.5.7:
    version "2.6.13"
    resolved "https://registry.yarnpkg.com/csstype/-/csstype-2.6.13.tgz#a6893015b90e84dd6e85d0e3b442a1e84f2dbe0f"
    integrity sha512-ul26pfSQTZW8dcOnD2iiJssfXw0gdNVX9IJDH/X3K5DGPfj+fUYe3kB+swUY6BF3oZDxaID3AJt+9/ojSAE05A==
  
  csstype@^3.0.2:
    version "3.0.3"
    resolved "https://registry.yarnpkg.com/csstype/-/csstype-3.0.3.tgz#2b410bbeba38ba9633353aff34b05d9755d065f8"
    integrity sha512-jPl+wbWPOWJ7SXsWyqGRk3lGecbar0Cb0OvZF/r/ZU011R4YqiRehgkQ9p4eQfo9DSDLqLL3wHwfxeJiuIsNag==
  
  deep-object-diff@^1.1.0:
    version "1.1.0"
    resolved "https://registry.yarnpkg.com/deep-object-diff/-/deep-object-diff-1.1.0.tgz#d6fabf476c2ed1751fc94d5ca693d2ed8c18bc5a"
    integrity sha512-b+QLs5vHgS+IoSNcUE4n9HP2NwcHj7aqnJWsjPtuG75Rh5TOaGt0OjAYInh77d5T16V5cRDC+Pw/6ZZZiETBGw==
  
  delegate@^3.1.2:
    version "3.2.0"
    resolved "https://registry.yarnpkg.com/delegate/-/delegate-3.2.0.tgz#b66b71c3158522e8ab5744f720d8ca0c2af59166"
    integrity sha512-IofjkYBZaZivn0V8nnsMJGBr4jVLxHDheKSW88PyxS5QC4Vo9ZbZVvhzlSxY87fVq3STR6r+4cGepyHkcWOQSw==
  
  delegates@^1.0.0:
    version "1.0.0"
    resolved "https://registry.yarnpkg.com/delegates/-/delegates-1.0.0.tgz#84c6e159b81904fdca59a0ef44cd870d31250f9a"
    integrity sha1-hMbhWbgZBP3KWaDvRM2HDTElD5o=
  
  dom-walk@^0.1.0:
    version "0.1.2"
    resolved "https://registry.yarnpkg.com/dom-walk/-/dom-walk-0.1.2.tgz#0c548bef048f4d1f2a97249002236060daa3fd84"
    integrity sha512-6QvTW9mrGeIegrFXdtQi9pk7O/nSK6lSdXW2eqUspN5LWD7UTji2Fqw5V2YLjBpHEoU9Xl/eUWNpDeZvoyOv2w==
  
  emotion-theming@^10.0.19:
    version "10.0.27"
    resolved "https://registry.yarnpkg.com/emotion-theming/-/emotion-theming-10.0.27.tgz#1887baaec15199862c89b1b984b79806f2b9ab10"
    integrity sha512-MlF1yu/gYh8u+sLUqA0YuA9JX0P4Hb69WlKc/9OLo+WCXuX6sy/KoIa+qJimgmr2dWqnypYKYPX37esjDBbhdw==
    dependencies:
      "@babel/runtime" "^7.5.5"
      "@emotion/weak-memoize" "0.2.5"
      hoist-non-react-statics "^3.3.0"
  
  error-ex@^1.3.1:
    version "1.3.2"
    resolved "https://registry.yarnpkg.com/error-ex/-/error-ex-1.3.2.tgz#b4ac40648107fdcdcfae242f428bea8a14d4f1bf"
    integrity sha512-7dFHNmqeFSEt2ZBsCriorKnn3Z2pj+fd9kmI6QoWw4//DL+icEBfc0U7qJCisqrTsKTjw4fNFy2pW9OqStD84g==
    dependencies:
      is-arrayish "^0.2.1"
  
  escape-string-regexp@^1.0.5:
    version "1.0.5"
    resolved "https://registry.yarnpkg.com/escape-string-regexp/-/escape-string-regexp-1.0.5.tgz#1b61c0562190a8dff6ae3bb2cf0200ca130b86d4"
    integrity sha1-G2HAViGQqN/2rjuyzwIAyhMLhtQ=
  
  fast-deep-equal@^3.1.1:
    version "3.1.3"
    resolved "https://registry.yarnpkg.com/fast-deep-equal/-/fast-deep-equal-3.1.3.tgz#3a7d56b559d6cbc3eb512325244e619a65c6c525"
    integrity sha512-f3qQ9oQy9j2AhBe/H9VC91wLmKBCCU/gDOnKNAYG5hswO7BLKj09Hc5HYNz9cGI++xlpDCIgDaitVs03ATR84Q==
  
  fault@^1.0.0:
    version "1.0.4"
    resolved "https://registry.yarnpkg.com/fault/-/fault-1.0.4.tgz#eafcfc0a6d214fc94601e170df29954a4f842f13"
    integrity sha512-CJ0HCB5tL5fYTEA7ToAq5+kTwd++Borf1/bifxd9iT70QcXr4MRrO3Llf8Ifs70q+SJcGHFtnIE/Nw6giCtECA==
    dependencies:
      format "^0.2.0"
  
  find-root@^1.1.0:
    version "1.1.0"
    resolved "https://registry.yarnpkg.com/find-root/-/find-root-1.1.0.tgz#abcfc8ba76f708c42a97b3d685b7e9450bfb9ce4"
    integrity sha512-NKfW6bec6GfKc0SGx1e07QZY9PE99u0Bft/0rzSD5k3sO/vwkVUpDUKVm5Gpp5Ue3YfShPFTX2070tDs5kB9Ng==
  
  find-up@^4.1.0:
    version "4.1.0"
    resolved "https://registry.yarnpkg.com/find-up/-/find-up-4.1.0.tgz#97afe7d6cdc0bc5928584b7c8d7b16e8a9aa5d19"
    integrity sha512-PpOwAdQ/YlXQ2vj8a3h8IipDuYRi3wceVQQGYWxNINccq40Anw7BlsEXCMbt1Zt+OLA6Fq9suIpIWD0OsnISlw==
    dependencies:
      locate-path "^5.0.0"
      path-exists "^4.0.0"
  
  format@^0.2.0:
    version "0.2.2"
    resolved "https://registry.yarnpkg.com/format/-/format-0.2.2.tgz#d6170107e9efdc4ed30c9dc39016df942b5cb58b"
    integrity sha1-1hcBB+nv3E7TDJ3DkBbflCtctYs=
  
  gauge@~2.7.3:
    version "2.7.4"
    resolved "https://registry.yarnpkg.com/gauge/-/gauge-2.7.4.tgz#2c03405c7538c39d7eb37b317022e325fb018bf7"
    integrity sha1-LANAXHU4w51+s3sxcCLjJfsBi/c=
    dependencies:
      aproba "^1.0.3"
      console-control-strings "^1.0.0"
      has-unicode "^2.0.0"
      object-assign "^4.1.0"
      signal-exit "^3.0.0"
      string-width "^1.0.1"
      strip-ansi "^3.0.1"
      wide-align "^1.1.0"
  
  global@^4.3.2, global@^4.4.0:
    version "4.4.0"
    resolved "https://registry.yarnpkg.com/global/-/global-4.4.0.tgz#3e7b105179006a323ed71aafca3e9c57a5cc6406"
    integrity sha512-wv/LAoHdRE3BeTGz53FAamhGlPLhlssK45usmGFThIi4XqnBmjKQ16u+RNbP7WvigRZDxUsM0J3gcQ5yicaL0w==
    dependencies:
      min-document "^2.19.0"
      process "^0.11.10"
  
  good-listener@^1.2.2:
    version "1.2.2"
    resolved "https://registry.yarnpkg.com/good-listener/-/good-listener-1.2.2.tgz#d53b30cdf9313dffb7dc9a0d477096aa6d145c50"
    integrity sha1-1TswzfkxPf+33JoNR3CWqm0UXFA=
    dependencies:
      delegate "^3.1.2"
  
  gud@^1.0.0:
    version "1.0.0"
    resolved "https://registry.yarnpkg.com/gud/-/gud-1.0.0.tgz#a489581b17e6a70beca9abe3ae57de7a499852c0"
    integrity sha512-zGEOVKFM5sVPPrYs7J5/hYEw2Pof8KCyOwyhG8sAF26mCAeUFAcYPu1mwB7hhpIP29zOIBaDqwuHdLp0jvZXjw==
  
  has-flag@^3.0.0:
    version "3.0.0"
    resolved "https://registry.yarnpkg.com/has-flag/-/has-flag-3.0.0.tgz#b5d454dc2199ae225699f3467e5a07f3b955bafd"
    integrity sha1-tdRU3CGZriJWmfNGfloH87lVuv0=
  
  has-flag@^4.0.0:
    version "4.0.0"
    resolved "https://registry.yarnpkg.com/has-flag/-/has-flag-4.0.0.tgz#944771fd9c81c81265c4d6941860da06bb59479b"
    integrity sha512-EykJT/Q1KjTWctppgIAgfSO0tKVuZUjhgMr17kqTumMl6Afv3EISleU7qZUzoXDFTAHTDC4NOoG/ZxU3EvlMPQ==
  
  has-symbols@^1.0.1:
    version "1.0.1"
    resolved "https://registry.yarnpkg.com/has-symbols/-/has-symbols-1.0.1.tgz#9f5214758a44196c406d9bd76cebf81ec2dd31e8"
    integrity sha512-PLcsoqu++dmEIZB+6totNFKq/7Do+Z0u4oT0zKOJNl3lYK6vGwwu2hjHs+68OEZbTjiUE9bgOABXbP/GvrS0Kg==
  
  has-unicode@^2.0.0:
    version "2.0.1"
    resolved "https://registry.yarnpkg.com/has-unicode/-/has-unicode-2.0.1.tgz#e0e6fe6a28cf51138855e086d1691e771de2a8b9"
    integrity sha1-4Ob+aijPUROIVeCG0Wkedx3iqLk=
  
  hast-util-parse-selector@^2.0.0:
    version "2.2.4"
    resolved "https://registry.yarnpkg.com/hast-util-parse-selector/-/hast-util-parse-selector-2.2.4.tgz#60c99d0b519e12ab4ed32e58f150ec3f61ed1974"
    integrity sha512-gW3sxfynIvZApL4L07wryYF4+C9VvH3AUi7LAnVXV4MneGEgwOByXvFo18BgmTWnm7oHAe874jKbIB1YhHSIzA==
  
  hastscript@^5.0.0:
    version "5.1.2"
    resolved "https://registry.yarnpkg.com/hastscript/-/hastscript-5.1.2.tgz#bde2c2e56d04c62dd24e8c5df288d050a355fb8a"
    integrity sha512-WlztFuK+Lrvi3EggsqOkQ52rKbxkXL3RwB6t5lwoa8QLMemoWfBuL43eDrwOamJyR7uKQKdmKYaBH1NZBiIRrQ==
    dependencies:
      comma-separated-tokens "^1.0.0"
      hast-util-parse-selector "^2.0.0"
      property-information "^5.0.0"
      space-separated-tokens "^1.0.0"
  
  highlight.js@^10.1.1, highlight.js@~10.2.0:
    version "10.2.0"
    resolved "https://registry.yarnpkg.com/highlight.js/-/highlight.js-10.2.0.tgz#367151bcf813adebc54822f1cb51d2e1e599619f"
    integrity sha512-OryzPiqqNCfO/wtFo619W+nPYALM6u7iCQkum4bqRmmlcTikOkmlL06i009QelynBPAlNByTQU6cBB2cOBQtCw==
  
  hoist-non-react-statics@^3.3.0:
    version "3.3.2"
    resolved "https://registry.yarnpkg.com/hoist-non-react-statics/-/hoist-non-react-statics-3.3.2.tgz#ece0acaf71d62c2969c2ec59feff42a4b1a85b45"
    integrity sha512-/gGivxi8JPKWNm/W0jSmzcMPpfpPLc3dY/6GxhX2hQ9iGj3aDfklV4ET7NjKpSinLpJ5vafa9iiGIEZg10SfBw==
    dependencies:
      react-is "^16.7.0"
  
  import-fresh@^3.1.0:
    version "3.2.1"
    resolved "https://registry.yarnpkg.com/import-fresh/-/import-fresh-3.2.1.tgz#633ff618506e793af5ac91bf48b72677e15cbe66"
    integrity sha512-6e1q1cnWP2RXD9/keSkxHScg508CdXqXWgWBaETNhyuBFz+kUZlKboh+ISK+bU++DmbHimVBrOz/zzPe0sZ3sQ==
    dependencies:
      parent-module "^1.0.0"
      resolve-from "^4.0.0"
  
  inherits@~2.0.3:
    version "2.0.4"
    resolved "https://registry.yarnpkg.com/inherits/-/inherits-2.0.4.tgz#0fa2c64f932917c3433a0ded55363aae37416b7c"
    integrity sha512-k/vGaX4/Yla3WzyMCvTQOXYeIHvqOKtnqBduzTHpzpQZzAskKMhZ2K+EnBiSM9zGSoIFeMpXKxa4dYeZIQqewQ==
  
  invariant@^2.2.3:
    version "2.2.4"
    resolved "https://registry.yarnpkg.com/invariant/-/invariant-2.2.4.tgz#610f3c92c9359ce1db616e538008d23ff35158e6"
    integrity sha512-phJfQVBuaJM5raOpJjSfkiD6BpbCE4Ns//LaXl6wGYtUBY83nWS6Rf9tXm2e8VaK60JEjYldbPif/A2B1C2gNA==
    dependencies:
      loose-envify "^1.0.0"
  
  is-alphabetical@^1.0.0:
    version "1.0.4"
    resolved "https://registry.yarnpkg.com/is-alphabetical/-/is-alphabetical-1.0.4.tgz#9e7d6b94916be22153745d184c298cbf986a686d"
    integrity sha512-DwzsA04LQ10FHTZuL0/grVDk4rFoVH1pjAToYwBrHSxcrBIGQuXrQMtD5U1b0U2XVgKZCTLLP8u2Qxqhy3l2Vg==
  
  is-alphanumerical@^1.0.0:
    version "1.0.4"
    resolved "https://registry.yarnpkg.com/is-alphanumerical/-/is-alphanumerical-1.0.4.tgz#7eb9a2431f855f6b1ef1a78e326df515696c4dbf"
    integrity sha512-UzoZUr+XfVz3t3v4KyGEniVL9BDRoQtY7tOyrRybkVNjDFWyo1yhXNGrrBTQxp3ib9BLAWs7k2YKBQsFRkZG9A==
    dependencies:
      is-alphabetical "^1.0.0"
      is-decimal "^1.0.0"
  
  is-arrayish@^0.2.1:
    version "0.2.1"
    resolved "https://registry.yarnpkg.com/is-arrayish/-/is-arrayish-0.2.1.tgz#77c99840527aa8ecb1a8ba697b80645a7a926a9d"
    integrity sha1-d8mYQFJ6qOyxqLppe4BkWnqSap0=
  
  is-decimal@^1.0.0:
    version "1.0.4"
    resolved "https://registry.yarnpkg.com/is-decimal/-/is-decimal-1.0.4.tgz#65a3a5958a1c5b63a706e1b333d7cd9f630d3fa5"
    integrity sha512-RGdriMmQQvZ2aqaQq3awNA6dCGtKpiDFcOzrTWrDAT2MiWrKQVPmxLGHl7Y2nNu6led0kEyoX0enY0qXYsv9zw==
  
  is-fullwidth-code-point@^1.0.0:
    version "1.0.0"
    resolved "https://registry.yarnpkg.com/is-fullwidth-code-point/-/is-fullwidth-code-point-1.0.0.tgz#ef9e31386f031a7f0d643af82fde50c457ef00cb"
    integrity sha1-754xOG8DGn8NZDr4L95QxFfvAMs=
    dependencies:
      number-is-nan "^1.0.0"
  
  is-fullwidth-code-point@^2.0.0:
    version "2.0.0"
    resolved "https://registry.yarnpkg.com/is-fullwidth-code-point/-/is-fullwidth-code-point-2.0.0.tgz#a3b30a5c4f199183167aaab93beefae3ddfb654f"
    integrity sha1-o7MKXE8ZkYMWeqq5O+764937ZU8=
  
  is-function@^1.0.2:
    version "1.0.2"
    resolved "https://registry.yarnpkg.com/is-function/-/is-function-1.0.2.tgz#4f097f30abf6efadac9833b17ca5dc03f8144e08"
    integrity sha512-lw7DUp0aWXYg+CBCN+JKkcE0Q2RayZnSvnZBlwgxHBQhqt5pZNVy4Ri7H9GmmXkdu7LUthszM+Tor1u/2iBcpQ==
  
  is-hexadecimal@^1.0.0:
    version "1.0.4"
    resolved "https://registry.yarnpkg.com/is-hexadecimal/-/is-hexadecimal-1.0.4.tgz#cc35c97588da4bd49a8eedd6bc4082d44dcb23a7"
    integrity sha512-gyPJuv83bHMpocVYoqof5VDiZveEoGoFL8m3BXNb2VW8Xs+rz9kqO8LOQ5DH6EsuvilT1ApazU0pyl+ytbPtlw==
  
  is-regex@^1.1.1:
    version "1.1.1"
    resolved "https://registry.yarnpkg.com/is-regex/-/is-regex-1.1.1.tgz#c6f98aacc546f6cec5468a07b7b153ab564a57b9"
    integrity sha512-1+QkEcxiLlB7VEyFtyBg94e08OAsvq7FUBgApTq/w2ymCLyKJgDPsybBENVtA7XCQEgEXxKPonG+mvYRxh/LIg==
    dependencies:
      has-symbols "^1.0.1"
  
  is-symbol@^1.0.3:
    version "1.0.3"
    resolved "https://registry.yarnpkg.com/is-symbol/-/is-symbol-1.0.3.tgz#38e1014b9e6329be0de9d24a414fd7441ec61937"
    integrity sha512-OwijhaRSgqvhm/0ZdAcXNZt9lYdKFpcRDT5ULUuYXPoT794UNOdU+gpT6Rzo7b4V2HUl/op6GqY894AZwv9faQ==
    dependencies:
      has-symbols "^1.0.1"
  
  isarray@~1.0.0:
    version "1.0.0"
    resolved "https://registry.yarnpkg.com/isarray/-/isarray-1.0.0.tgz#bb935d48582cba168c06834957a54a3e07124f11"
    integrity sha1-u5NdSFgsuhaMBoNJV6VKPgcSTxE=
  
  isobject@^4.0.0:
    version "4.0.0"
    resolved "https://registry.yarnpkg.com/isobject/-/isobject-4.0.0.tgz#3f1c9155e73b192022a80819bacd0343711697b0"
    integrity sha512-S/2fF5wH8SJA/kmwr6HYhK/RI/OkhD84k8ntalo0iJjZikgq1XFvR5M8NPT1x5F7fBwCG3qHfnzeP/Vh/ZxCUA==
  
  "js-tokens@^3.0.0 || ^4.0.0", js-tokens@^4.0.0:
    version "4.0.0"
    resolved "https://registry.yarnpkg.com/js-tokens/-/js-tokens-4.0.0.tgz#19203fb59991df98e3a287050d4647cdeaf32499"
    integrity sha512-RdJUflcE3cUzKiMqQgsCu06FPu9UdIJO0beYbPhHN4k6apgJtifcoCtT9bcxOpYBtpD2kCM6Sbzg4CausW/PKQ==
  
  json-parse-even-better-errors@^2.3.0:
    version "2.3.1"
    resolved "https://registry.yarnpkg.com/json-parse-even-better-errors/-/json-parse-even-better-errors-2.3.1.tgz#7c47805a94319928e05777405dc12e1f7a4ee02d"
    integrity sha512-xyFwyhro/JEof6Ghe2iz2NcXoj2sloNsWr/XsERDK/oiPCfaNhl5ONfp+jQdAZRQQ0IJWNzH9zIZF7li91kh2w==
  
  lines-and-columns@^1.1.6:
    version "1.1.6"
    resolved "https://registry.yarnpkg.com/lines-and-columns/-/lines-and-columns-1.1.6.tgz#1c00c743b433cd0a4e80758f7b64a57440d9ff00"
    integrity sha1-HADHQ7QzzQpOgHWPe2SldEDZ/wA=
  
  locate-path@^5.0.0:
    version "5.0.0"
    resolved "https://registry.yarnpkg.com/locate-path/-/locate-path-5.0.0.tgz#1afba396afd676a6d42504d0a67a3a7eb9f62aa0"
    integrity sha512-t7hw9pI+WvuwNJXwk5zVHpyhIqzg2qTlklJOf0mVxGSbe3Fp2VieZcduNYjaLDoy6p9uGpQEGWG87WpMKlNq8g==
    dependencies:
      p-locate "^4.1.0"
  
  lodash@^4.0.1, lodash@^4.17.11, lodash@^4.17.15, lodash@^4.17.19:
    version "4.17.20"
    resolved "https://registry.yarnpkg.com/lodash/-/lodash-4.17.20.tgz#b44a9b6297bcb698f1c51a3545a2b3b368d59c52"
    integrity sha512-PlhdFcillOINfeV7Ni6oF1TAEayyZBoZ8bcshTHqOYJYlrqzRK5hagpagky5o4HfCzzd1TRkXPMFq6cKk9rGmA==
  
  loose-envify@^1.0.0, loose-envify@^1.1.0, loose-envify@^1.4.0:
    version "1.4.0"
    resolved "https://registry.yarnpkg.com/loose-envify/-/loose-envify-1.4.0.tgz#71ee51fa7be4caec1a63839f7e682d8132d30caf"
    integrity sha512-lyuxPGr/Wfhrlem2CL/UcnUc1zcqKAImBDzukY7Y5F/yQiNdko6+fRLevlw1HgMySw7f611UIY408EtxRSoK3Q==
    dependencies:
      js-tokens "^3.0.0 || ^4.0.0"
  
  lowlight@^1.14.0:
    version "1.15.0"
    resolved "https://registry.yarnpkg.com/lowlight/-/lowlight-1.15.0.tgz#51a8888852493cbbe4a7f39919b237a1d502c18c"
    integrity sha512-GhG/R+2zt5Wg8kCfOhapH8wDdJSHSIvdDW/DOPXCeResVqgHYLnOHBp6g9DoUIPVIyBpvQYCG4SV7XeelYFpyA==
    dependencies:
      fault "^1.0.0"
      highlight.js "~10.2.0"
  
  map-or-similar@^1.5.0:
    version "1.5.0"
    resolved "https://registry.yarnpkg.com/map-or-similar/-/map-or-similar-1.5.0.tgz#6de2653174adfb5d9edc33c69d3e92a1b76faf08"
    integrity sha1-beJlMXSt+12e3DPGnT6Sobdvrwg=
  
  markdown-to-jsx@^6.11.4:
    version "6.11.4"
    resolved "https://registry.yarnpkg.com/markdown-to-jsx/-/markdown-to-jsx-6.11.4.tgz#b4528b1ab668aef7fe61c1535c27e837819392c5"
    integrity sha512-3lRCD5Sh+tfA52iGgfs/XZiw33f7fFX9Bn55aNnVNUd2GzLDkOWyKYYD8Yju2B1Vn+feiEdgJs8T6Tg0xNokPw==
    dependencies:
      prop-types "^15.6.2"
      unquote "^1.1.0"
  
  material-colors@^1.2.1:
    version "1.2.6"
    resolved "https://registry.yarnpkg.com/material-colors/-/material-colors-1.2.6.tgz#6d1958871126992ceecc72f4bcc4d8f010865f46"
    integrity sha512-6qE4B9deFBIa9YSpOc9O0Sgc43zTeVYbgDT5veRKSlB2+ZuHNoVVxA1L/ckMUayV9Ay9y7Z/SZCLcGteW9i7bg==
  
  memoizerific@^1.11.3:
    version "1.11.3"
    resolved "https://registry.yarnpkg.com/memoizerific/-/memoizerific-1.11.3.tgz#7c87a4646444c32d75438570905f2dbd1b1a805a"
    integrity sha1-fIekZGREwy11Q4VwkF8tvRsagFo=
    dependencies:
      map-or-similar "^1.5.0"
  
  min-document@^2.19.0:
    version "2.19.0"
    resolved "https://registry.yarnpkg.com/min-document/-/min-document-2.19.0.tgz#7bd282e3f5842ed295bb748cdd9f1ffa2c824685"
    integrity sha1-e9KC4/WELtKVu3SM3Z8f+iyCRoU=
    dependencies:
      dom-walk "^0.1.0"
  
  npmlog@^4.1.2:
    version "4.1.2"
    resolved "https://registry.yarnpkg.com/npmlog/-/npmlog-4.1.2.tgz#08a7f2a8bf734604779a9efa4ad5cc717abb954b"
    integrity sha512-2uUqazuKlTaSI/dC8AzicUck7+IrEaOnN/e0jd3Xtt1KcGpwx30v50mL7oPyr/h9bL3E4aZccVwpwP+5W9Vjkg==
    dependencies:
      are-we-there-yet "~1.1.2"
      console-control-strings "~1.1.0"
      gauge "~2.7.3"
      set-blocking "~2.0.0"
  
  number-is-nan@^1.0.0:
    version "1.0.1"
    resolved "https://registry.yarnpkg.com/number-is-nan/-/number-is-nan-1.0.1.tgz#097b602b53422a522c1afb8790318336941a011d"
    integrity sha1-CXtgK1NCKlIsGvuHkDGDNpQaAR0=
  
  object-assign@^4.1.0, object-assign@^4.1.1:
    version "4.1.1"
    resolved "https://registry.yarnpkg.com/object-assign/-/object-assign-4.1.1.tgz#2109adc7965887cfc05cbbd442cac8bfbb360863"
    integrity sha1-IQmtx5ZYh8/AXLvUQsrIv7s2CGM=
  
  overlayscrollbars@^1.10.2:
    version "1.13.0"
    resolved "https://registry.yarnpkg.com/overlayscrollbars/-/overlayscrollbars-1.13.0.tgz#1edb436328133b94877b558f77966d5497ca36a7"
    integrity sha512-p8oHrMeRAKxXDMPI/EBNITj/zTVHKNnAnM59Im+xnoZUlV07FyTg46wom2286jJlXGGfcPFG/ba5NUiCwWNd4w==
  
  p-limit@^2.2.0:
    version "2.3.0"
    resolved "https://registry.yarnpkg.com/p-limit/-/p-limit-2.3.0.tgz#3dd33c647a214fdfffd835933eb086da0dc21db1"
    integrity sha512-//88mFWSJx8lxCzwdAABTJL2MyWB12+eIY7MDL2SqLmAkeKU9qxRvWuSyTjm3FUmpBEMuFfckAIqEaVGUDxb6w==
    dependencies:
      p-try "^2.0.0"
  
  p-locate@^4.1.0:
    version "4.1.0"
    resolved "https://registry.yarnpkg.com/p-locate/-/p-locate-4.1.0.tgz#a3428bb7088b3a60292f66919278b7c297ad4f07"
    integrity sha512-R79ZZ/0wAxKGu3oYMlz8jy/kbhsNrS7SKZ7PxEHBgJ5+F2mtFW2fK2cOtBh1cHYkQsbzFV7I+EoRKe6Yt0oK7A==
    dependencies:
      p-limit "^2.2.0"
  
  p-try@^2.0.0:
    version "2.2.0"
    resolved "https://registry.yarnpkg.com/p-try/-/p-try-2.2.0.tgz#cb2868540e313d61de58fafbe35ce9004d5540e6"
    integrity sha512-R4nPAVTAU0B9D35/Gk3uJf/7XYbQcyohSKdvAxIRSNghFl4e71hVoGnBNQz9cWaXxO2I10KTC+3jMdvvoKw6dQ==
  
  parent-module@^1.0.0:
    version "1.0.1"
    resolved "https://registry.yarnpkg.com/parent-module/-/parent-module-1.0.1.tgz#691d2709e78c79fae3a156622452d00762caaaa2"
    integrity sha512-GQ2EWRpQV8/o+Aw8YqtfZZPfNRWZYkbidE9k5rpl/hC3vtHHBfGm2Ifi6qWV+coDGkrUKZAxE3Lot5kcsRlh+g==
    dependencies:
      callsites "^3.0.0"
  
  parse-entities@^2.0.0:
    version "2.0.0"
    resolved "https://registry.yarnpkg.com/parse-entities/-/parse-entities-2.0.0.tgz#53c6eb5b9314a1f4ec99fa0fdf7ce01ecda0cbe8"
    integrity sha512-kkywGpCcRYhqQIchaWqZ875wzpS/bMKhz5HnN3p7wveJTkTtyAB/AlnS0f8DFSqYW1T82t6yEAkEcB+A1I3MbQ==
    dependencies:
      character-entities "^1.0.0"
      character-entities-legacy "^1.0.0"
      character-reference-invalid "^1.0.0"
      is-alphanumerical "^1.0.0"
      is-decimal "^1.0.0"
      is-hexadecimal "^1.0.0"
  
  parse-json@^5.0.0:
    version "5.1.0"
    resolved "https://registry.yarnpkg.com/parse-json/-/parse-json-5.1.0.tgz#f96088cdf24a8faa9aea9a009f2d9d942c999646"
    integrity sha512-+mi/lmVVNKFNVyLXV31ERiy2CY5E1/F6QtJFEzoChPRwwngMNXRDQ9GJ5WdE2Z2P4AujsOi0/+2qHID68KwfIQ==
    dependencies:
      "@babel/code-frame" "^7.0.0"
      error-ex "^1.3.1"
      json-parse-even-better-errors "^2.3.0"
      lines-and-columns "^1.1.6"
  
  path-exists@^4.0.0:
    version "4.0.0"
    resolved "https://registry.yarnpkg.com/path-exists/-/path-exists-4.0.0.tgz#513bdbe2d3b95d7762e8c1137efa195c6c61b5b3"
    integrity sha512-ak9Qy5Q7jYb2Wwcey5Fpvg2KoAc/ZIhLSLOSBmRmygPsGwkVVt0fZa0qrtMz+m6tJTAHfZQ8FnmB4MG4LWy7/w==
  
  path-parse@^1.0.6:
    version "1.0.6"
    resolved "https://registry.yarnpkg.com/path-parse/-/path-parse-1.0.6.tgz#d62dbb5679405d72c4737ec58600e9ddcf06d24c"
    integrity sha512-GSmOT2EbHrINBf9SR7CDELwlJ8AENk3Qn7OikK4nFYAu3Ote2+JYNVvkpAEQm3/TLNEJFD/xZJjzyxg3KBWOzw==
  
  path-type@^4.0.0:
    version "4.0.0"
    resolved "https://registry.yarnpkg.com/path-type/-/path-type-4.0.0.tgz#84ed01c0a7ba380afe09d90a8c180dcd9d03043b"
    integrity sha512-gDKb8aZMDeD/tZWs9P6+q0J9Mwkdl6xMV8TjnGP3qJVJ06bdMgkbBlLU8IdfOsIsFz2BW1rNVT3XuNEl8zPAvw==
  
  polished@^3.4.4:
    version "3.6.7"
    resolved "https://registry.yarnpkg.com/polished/-/polished-3.6.7.tgz#44cbd0047f3187d83db0c479ef0c7d5583af5fb6"
    integrity sha512-b4OViUOihwV0icb9PHmWbR+vPqaSzSAEbgLskvb7ANPATVXGiYv/TQFHQo65S53WU9i5EQ1I03YDOJW7K0bmYg==
    dependencies:
      "@babel/runtime" "^7.9.2"
  
  pretty-hrtime@^1.0.3:
    version "1.0.3"
    resolved "https://registry.yarnpkg.com/pretty-hrtime/-/pretty-hrtime-1.0.3.tgz#b7e3ea42435a4c9b2759d99e0f201eb195802ee1"
    integrity sha1-t+PqQkNaTJsnWdmeDyAesZWALuE=
  
  prismjs@^1.21.0, prismjs@~1.21.0:
    version "1.21.0"
    resolved "https://registry.yarnpkg.com/prismjs/-/prismjs-1.21.0.tgz#36c086ec36b45319ec4218ee164c110f9fc015a3"
    integrity sha512-uGdSIu1nk3kej2iZsLyDoJ7e9bnPzIgY0naW/HdknGj61zScaprVEVGHrPoXqI+M9sP0NDnTK2jpkvmldpuqDw==
    optionalDependencies:
      clipboard "^2.0.0"
  
  process-nextick-args@~2.0.0:
    version "2.0.1"
    resolved "https://registry.yarnpkg.com/process-nextick-args/-/process-nextick-args-2.0.1.tgz#7820d9b16120cc55ca9ae7792680ae7dba6d7fe2"
    integrity sha512-3ouUOpQhtgrbOa17J7+uxOTpITYWaGP7/AhoR3+A+/1e9skrzelGi/dXzEYyvbxubEF6Wn2ypscTKiKJFFn1ag==
  
  process@^0.11.10:
    version "0.11.10"
    resolved "https://registry.yarnpkg.com/process/-/process-0.11.10.tgz#7332300e840161bda3e69a1d1d91a7d4bc16f182"
    integrity sha1-czIwDoQBYb2j5podHZGn1LwW8YI=
  
  prop-types@^15.5.10, prop-types@^15.6.1, prop-types@^15.6.2:
    version "15.7.2"
    resolved "https://registry.yarnpkg.com/prop-types/-/prop-types-15.7.2.tgz#52c41e75b8c87e72b9d9360e0206b99dcbffa6c5"
    integrity sha512-8QQikdH7//R2vurIJSutZ1smHYTcLpRWEOlHnzcWHmBYrOGUysKwSsrC89BCiFj3CbrfJ/nXFdJepOVrY1GCHQ==
    dependencies:
      loose-envify "^1.4.0"
      object-assign "^4.1.1"
      react-is "^16.8.1"
  
  property-information@^5.0.0:
    version "5.5.0"
    resolved "https://registry.yarnpkg.com/property-information/-/property-information-5.5.0.tgz#4dc075d493061a82e2b7d096f406e076ed859943"
    integrity sha512-RgEbCx2HLa1chNgvChcx+rrCWD0ctBmGSE0M7lVm1yyv4UbvbrWoXp/BkVLZefzjrRBGW8/Js6uh/BnlHXFyjA==
    dependencies:
      xtend "^4.0.0"
  
  qs@^6.6.0:
    version "6.9.4"
    resolved "https://registry.yarnpkg.com/qs/-/qs-6.9.4.tgz#9090b290d1f91728d3c22e54843ca44aea5ab687"
    integrity sha512-A1kFqHekCTM7cz0udomYUoYNWjBebHm/5wzU/XqrBRBNWectVH0QIiN+NEcZ0Dte5hvzHwbr8+XQmguPhJ6WdQ==
  
  react-color@^2.17.0:
    version "2.18.1"
    resolved "https://registry.yarnpkg.com/react-color/-/react-color-2.18.1.tgz#2cda8cc8e06a9e2c52ad391a30ddad31972472f4"
    integrity sha512-X5XpyJS6ncplZs74ak0JJoqPi+33Nzpv5RYWWxn17bslih+X7OlgmfpmGC1fNvdkK7/SGWYf1JJdn7D2n5gSuQ==
    dependencies:
      "@icons/material" "^0.2.4"
      lodash "^4.17.11"
      material-colors "^1.2.1"
      prop-types "^15.5.10"
      reactcss "^1.2.0"
      tinycolor2 "^1.4.1"
  
  react-dom@^16.8.3:
    version "16.13.1"
    resolved "https://registry.yarnpkg.com/react-dom/-/react-dom-16.13.1.tgz#c1bd37331a0486c078ee54c4740720993b2e0e7f"
    integrity sha512-81PIMmVLnCNLO/fFOQxdQkvEq/+Hfpv24XNJfpyZhTRfO0QcmQIF/PgCa1zCOj2w1hrn12MFLyaJ/G0+Mxtfag==
    dependencies:
      loose-envify "^1.1.0"
      object-assign "^4.1.1"
      prop-types "^15.6.2"
      scheduler "^0.19.1"
  
  react-fast-compare@^3.0.1:
    version "3.2.0"
    resolved "https://registry.yarnpkg.com/react-fast-compare/-/react-fast-compare-3.2.0.tgz#641a9da81b6a6320f270e89724fb45a0b39e43bb"
    integrity sha512-rtGImPZ0YyLrscKI9xTpV8psd6I8VAtjKCzQDlzyDvqJA8XOW78TXYQwNRNd8g8JZnDu8q9Fu/1v4HPAVwVdHA==
  
  react-is@^16.7.0, react-is@^16.8.1:
    version "16.13.1"
    resolved "https://registry.yarnpkg.com/react-is/-/react-is-16.13.1.tgz#789729a4dc36de2999dc156dd6c1d9c18cea56a4"
    integrity sha512-24e6ynE2H+OKt4kqsOvNd8kBpV65zoxbA4BVsEOB3ARVWQki/DHzaUoC5KuON/BiccDaCCTZBuOcfZs70kR8bQ==
  
  react-lifecycles-compat@^3.0.4:
    version "3.0.4"
    resolved "https://registry.yarnpkg.com/react-lifecycles-compat/-/react-lifecycles-compat-3.0.4.tgz#4f1a273afdfc8f3488a8c516bfda78f872352362"
    integrity sha512-fBASbA6LnOU9dOU2eW7aQ8xmYBSXUIWr+UmF9b1efZBazGNO+rcXT/icdKnYm2pTwcRylVUYwW7H1PHfLekVzA==
  
  react-popper-tooltip@^3.1.0:
    version "3.1.0"
    resolved "https://registry.yarnpkg.com/react-popper-tooltip/-/react-popper-tooltip-3.1.0.tgz#fd7c7a39b344538e0cbd00ce6fac3147f72d2589"
    integrity sha512-uoLUGtQSQyf4DucJQWXdZVAf3u/FFAHxox74y2GWP2Fy6D0lT9YL/7QIRSGsMI5USCHsS7HuHD4okVGAhctIGg==
    dependencies:
      "@babel/runtime" "^7.10.4"
      "@popperjs/core" "^2.4.4"
      react-popper "^2.2.3"
  
  react-popper@^2.2.3:
    version "2.2.3"
    resolved "https://registry.yarnpkg.com/react-popper/-/react-popper-2.2.3.tgz#33d425fa6975d4bd54d9acd64897a89d904b9d97"
    integrity sha512-mOEiMNT1249js0jJvkrOjyHsGvqcJd3aGW/agkiMoZk3bZ1fXN1wQszIQSjHIai48fE67+zwF8Cs+C4fWqlfjw==
    dependencies:
      react-fast-compare "^3.0.1"
      warning "^4.0.2"
  
  react-syntax-highlighter@^13.5.0:
    version "13.5.3"
    resolved "https://registry.yarnpkg.com/react-syntax-highlighter/-/react-syntax-highlighter-13.5.3.tgz#9712850f883a3e19eb858cf93fad7bb357eea9c6"
    integrity sha512-crPaF+QGPeHNIblxxCdf2Lg936NAHKhNhuMzRL3F9ct6aYXL3NcZtCL0Rms9+qVo6Y1EQLdXGypBNSbPL/r+qg==
    dependencies:
      "@babel/runtime" "^7.3.1"
      highlight.js "^10.1.1"
      lowlight "^1.14.0"
      prismjs "^1.21.0"
      refractor "^3.1.0"
  
  react-textarea-autosize@^8.1.1:
    version "8.2.0"
    resolved "https://registry.yarnpkg.com/react-textarea-autosize/-/react-textarea-autosize-8.2.0.tgz#fae38653f5ec172a855fd5fffb39e466d56aebdb"
    integrity sha512-grajUlVbkx6VdtSxCgzloUIphIZF5bKr21OYMceWPKkniy7H0mRAT/AXPrRtObAe+zUePnNlBwUc4ivVjUGIjw==
    dependencies:
      "@babel/runtime" "^7.10.2"
      use-composed-ref "^1.0.0"
      use-latest "^1.0.0"
  
  react@^16.8.3:
    version "16.13.1"
    resolved "https://registry.yarnpkg.com/react/-/react-16.13.1.tgz#2e818822f1a9743122c063d6410d85c1e3afe48e"
    integrity sha512-YMZQQq32xHLX0bz5Mnibv1/LHb3Sqzngu7xstSM+vrkE5Kzr9xE0yMByK5kMoTK30YVJE61WfbxIFFvfeDKT1w==
    dependencies:
      loose-envify "^1.1.0"
      object-assign "^4.1.1"
      prop-types "^15.6.2"
  
  reactcss@^1.2.0:
    version "1.2.3"
    resolved "https://registry.yarnpkg.com/reactcss/-/reactcss-1.2.3.tgz#c00013875e557b1cf0dfd9a368a1c3dab3b548dd"
    integrity sha512-KiwVUcFu1RErkI97ywr8nvx8dNOpT03rbnma0SSalTYjkrPYaEajR4a/MRt6DZ46K6arDRbWMNHF+xH7G7n/8A==
    dependencies:
      lodash "^4.0.1"
  
  readable-stream@^2.0.6:
    version "2.3.7"
    resolved "https://registry.yarnpkg.com/readable-stream/-/readable-stream-2.3.7.tgz#1eca1cf711aef814c04f62252a36a62f6cb23b57"
    integrity sha512-Ebho8K4jIbHAxnuxi7o42OrZgF/ZTNcsZj6nRKyUmkhLFq8CHItp/fy6hQZuZmP/n3yZ9VBUbp4zz/mX8hmYPw==
    dependencies:
      core-util-is "~1.0.0"
      inherits "~2.0.3"
      isarray "~1.0.0"
      process-nextick-args "~2.0.0"
      safe-buffer "~5.1.1"
      string_decoder "~1.1.1"
      util-deprecate "~1.0.1"
  
  refractor@^3.1.0:
    version "3.1.0"
    resolved "https://registry.yarnpkg.com/refractor/-/refractor-3.1.0.tgz#b05a43c8a1b4fccb30001ffcbd5cd781f7f06f78"
    integrity sha512-bN8GvY6hpeXfC4SzWmYNQGLLF2ZakRDNBkgCL0vvl5hnpMrnyURk8Mv61v6pzn4/RBHzSWLp44SzMmVHqMGNww==
    dependencies:
      hastscript "^5.0.0"
      parse-entities "^2.0.0"
      prismjs "~1.21.0"
  
  regenerator-runtime@^0.13.3, regenerator-runtime@^0.13.4:
    version "0.13.7"
    resolved "https://registry.yarnpkg.com/regenerator-runtime/-/regenerator-runtime-0.13.7.tgz#cac2dacc8a1ea675feaabaeb8ae833898ae46f55"
    integrity sha512-a54FxoJDIr27pgf7IgeQGxmqUNYrcV338lf/6gH456HZ/PhX+5BcwHXG9ajESmwe6WRO0tAzRUrRmNONWgkrew==
  
  resolve-from@^4.0.0:
    version "4.0.0"
    resolved "https://registry.yarnpkg.com/resolve-from/-/resolve-from-4.0.0.tgz#4abcd852ad32dd7baabfe9b40e00a36db5f392e6"
    integrity sha512-pb/MYmXstAkysRFx8piNI1tGFNQIFA3vkE3Gq4EuA1dF6gHp/+vgZqsCGJapvy8N3Q+4o7FwvquPJcnZ7RYy4g==
  
  resolve-from@^5.0.0:
    version "5.0.0"
    resolved "https://registry.yarnpkg.com/resolve-from/-/resolve-from-5.0.0.tgz#c35225843df8f776df21c57557bc087e9dfdfc69"
    integrity sha512-qYg9KP24dD5qka9J47d0aVky0N+b4fTU89LN9iDnjB5waksiC49rvMB0PrUJQGoTmH50XPiqOvAjDfaijGxYZw==
  
  resolve@^1.12.0:
    version "1.17.0"
    resolved "https://registry.yarnpkg.com/resolve/-/resolve-1.17.0.tgz#b25941b54968231cc2d1bb76a79cb7f2c0bf8444"
    integrity sha512-ic+7JYiV8Vi2yzQGFWOkiZD5Z9z7O2Zhm9XMaTxdJExKasieFCr+yXZ/WmXsckHiKl12ar0y6XiXDx3m4RHn1w==
    dependencies:
      path-parse "^1.0.6"
  
  safe-buffer@~5.1.0, safe-buffer@~5.1.1:
    version "5.1.2"
    resolved "https://registry.yarnpkg.com/safe-buffer/-/safe-buffer-5.1.2.tgz#991ec69d296e0313747d59bdfd2b745c35f8828d"
    integrity sha512-Gd2UZBJDkXlY7GbJxfsE8/nvKkUEU1G38c1siN6QP6a9PT9MmHB8GnpscSmMJSoF8LOIrt8ud/wPtojys4G6+g==
  
  scheduler@^0.19.1:
    version "0.19.1"
    resolved "https://registry.yarnpkg.com/scheduler/-/scheduler-0.19.1.tgz#4f3e2ed2c1a7d65681f4c854fa8c5a1ccb40f196"
    integrity sha512-n/zwRWRYSUj0/3g/otKDRPMh6qv2SYMWNq85IEa8iZyAv8od9zDYpGSnpBEjNgcMNq6Scbu5KfIPxNF72R/2EA==
    dependencies:
      loose-envify "^1.1.0"
      object-assign "^4.1.1"
  
  select@^1.1.2:
    version "1.1.2"
    resolved "https://registry.yarnpkg.com/select/-/select-1.1.2.tgz#0e7350acdec80b1108528786ec1d4418d11b396d"
    integrity sha1-DnNQrN7ICxEIUoeG7B1EGNEbOW0=
  
  set-blocking@~2.0.0:
    version "2.0.0"
    resolved "https://registry.yarnpkg.com/set-blocking/-/set-blocking-2.0.0.tgz#045f9782d011ae9a6803ddd382b24392b3d890f7"
    integrity sha1-BF+XgtARrppoA93TgrJDkrPYkPc=
  
  signal-exit@^3.0.0:
    version "3.0.3"
    resolved "https://registry.yarnpkg.com/signal-exit/-/signal-exit-3.0.3.tgz#a1410c2edd8f077b08b4e253c8eacfcaf057461c"
    integrity sha512-VUJ49FC8U1OxwZLxIbTTrDvLnf/6TDgxZcK8wxR8zs13xpx7xbG60ndBlhNrFi2EMuFRoeDoJO7wthSLq42EjA==
  
  source-map@^0.5.7:
    version "0.5.7"
    resolved "https://registry.yarnpkg.com/source-map/-/source-map-0.5.7.tgz#8a039d2d1021d22d1ea14c80d8ea468ba2ef3fcc"
    integrity sha1-igOdLRAh0i0eoUyA2OpGi6LvP8w=
  
  space-separated-tokens@^1.0.0:
    version "1.1.5"
    resolved "https://registry.yarnpkg.com/space-separated-tokens/-/space-separated-tokens-1.1.5.tgz#85f32c3d10d9682007e917414ddc5c26d1aa6899"
    integrity sha512-q/JSVd1Lptzhf5bkYm4ob4iWPjx0KiRe3sRFBNrVqbJkFaBm5vbbowy1mymoPNLRa52+oadOhJ+K49wsSeSjTA==
  
  stable@^0.1.8:
    version "0.1.8"
    resolved "https://registry.yarnpkg.com/stable/-/stable-0.1.8.tgz#836eb3c8382fe2936feaf544631017ce7d47a3cf"
    integrity sha512-ji9qxRnOVfcuLDySj9qzhGSEFVobyt1kIOSkj1qZzYLzq7Tos/oUUWvotUPQLlrsidqsK6tBH89Bc9kL5zHA6w==
  
  store2@^2.7.1:
    version "2.12.0"
    resolved "https://registry.yarnpkg.com/store2/-/store2-2.12.0.tgz#e1f1b7e1a59b6083b2596a8d067f6ee88fd4d3cf"
    integrity sha512-7t+/wpKLanLzSnQPX8WAcuLCCeuSHoWdQuh9SB3xD0kNOM38DNf+0Oa+wmvxmYueRzkmh6IcdKFtvTa+ecgPDw==
  
  string-width@^1.0.1:
    version "1.0.2"
    resolved "https://registry.yarnpkg.com/string-width/-/string-width-1.0.2.tgz#118bdf5b8cdc51a2a7e70d211e07e2b0b9b107d3"
    integrity sha1-EYvfW4zcUaKn5w0hHgfisLmxB9M=
    dependencies:
      code-point-at "^1.0.0"
      is-fullwidth-code-point "^1.0.0"
      strip-ansi "^3.0.0"
  
  "string-width@^1.0.2 || 2":
    version "2.1.1"
    resolved "https://registry.yarnpkg.com/string-width/-/string-width-2.1.1.tgz#ab93f27a8dc13d28cac815c462143a6d9012ae9e"
    integrity sha512-nOqH59deCq9SRHlxq1Aw85Jnt4w6KvLKqWVik6oA9ZklXLNIOlqg4F2yrT1MVaTjAqvVwdfeZ7w7aCvJD7ugkw==
    dependencies:
      is-fullwidth-code-point "^2.0.0"
      strip-ansi "^4.0.0"
  
  string_decoder@~1.1.1:
    version "1.1.1"
    resolved "https://registry.yarnpkg.com/string_decoder/-/string_decoder-1.1.1.tgz#9cf1611ba62685d7030ae9e4ba34149c3af03fc8"
    integrity sha512-n/ShnvDi6FHbbVfviro+WojiFzv+s8MPMHBczVePfUpDJLwoLT0ht1l4YwBCbi8pJAveEEdnkHyPyTP/mzRfwg==
    dependencies:
      safe-buffer "~5.1.0"
  
  strip-ansi@^3.0.0, strip-ansi@^3.0.1:
    version "3.0.1"
    resolved "https://registry.yarnpkg.com/strip-ansi/-/strip-ansi-3.0.1.tgz#6a385fb8853d952d5ff05d0e8aaf94278dc63dcf"
    integrity sha1-ajhfuIU9lS1f8F0Oiq+UJ43GPc8=
    dependencies:
      ansi-regex "^2.0.0"
  
  strip-ansi@^4.0.0:
    version "4.0.0"
    resolved "https://registry.yarnpkg.com/strip-ansi/-/strip-ansi-4.0.0.tgz#a8479022eb1ac368a871389b635262c505ee368f"
    integrity sha1-qEeQIusaw2iocTibY1JixQXuNo8=
    dependencies:
      ansi-regex "^3.0.0"
  
  supports-color@^5.3.0:
    version "5.5.0"
    resolved "https://registry.yarnpkg.com/supports-color/-/supports-color-5.5.0.tgz#e2e69a44ac8772f78a1ec0b35b689df6530efc8f"
    integrity sha512-QjVjwdXIt408MIiAqCX4oUKsgU2EqAGzs2Ppkm4aQYbjm+ZEWEcW4SfFNTr4uMNZma0ey4f5lgLrkB0aX0QMow==
    dependencies:
      has-flag "^3.0.0"
  
  supports-color@^7.1.0:
    version "7.2.0"
    resolved "https://registry.yarnpkg.com/supports-color/-/supports-color-7.2.0.tgz#1b7dcdcb32b8138801b3e478ba6a51caa89648da"
    integrity sha512-qpCAvRl9stuOHveKsn7HncJRvv501qIacKzQlO/+Lwxc9+0q2wLyv4Dfvt80/DPn2pqOBsJdDiogXGR9+OvwRw==
    dependencies:
      has-flag "^4.0.0"
  
  telejson@^5.0.2:
    version "5.0.2"
    resolved "https://registry.yarnpkg.com/telejson/-/telejson-5.0.2.tgz#ed1e64be250cc1c757a53c19e1740b49832b3d51"
    integrity sha512-XCrDHGbinczsscs8LXFr9jDhvy37yBk9piB7FJrCfxE8oP66WDkolNMpaBkWYgQqB9dQGBGtTDzGQPedc9KJmw==
    dependencies:
      "@types/is-function" "^1.0.0"
      global "^4.4.0"
      is-function "^1.0.2"
      is-regex "^1.1.1"
      is-symbol "^1.0.3"
      isobject "^4.0.0"
      lodash "^4.17.19"
      memoizerific "^1.11.3"
  
  tiny-emitter@^2.0.0:
    version "2.1.0"
    resolved "https://registry.yarnpkg.com/tiny-emitter/-/tiny-emitter-2.1.0.tgz#1d1a56edfc51c43e863cbb5382a72330e3555423"
    integrity sha512-NB6Dk1A9xgQPMoGqC5CVXn123gWyte215ONT5Pp5a0yt4nlEoO1ZWeCwpncaekPHXO60i47ihFnZPiRPjRMq4Q==
  
  tinycolor2@^1.4.1:
    version "1.4.2"
    resolved "https://registry.yarnpkg.com/tinycolor2/-/tinycolor2-1.4.2.tgz#3f6a4d1071ad07676d7fa472e1fac40a719d8803"
    integrity sha512-vJhccZPs965sV/L2sU4oRQVAos0pQXwsvTLkWYdqJ+a8Q5kPFzJTuOFwy7UniPli44NKQGAglksjvOcpo95aZA==
  
  to-fast-properties@^2.0.0:
    version "2.0.0"
    resolved "https://registry.yarnpkg.com/to-fast-properties/-/to-fast-properties-2.0.0.tgz#dc5e698cbd079265bc73e0377681a4e4e83f616e"
    integrity sha1-3F5pjL0HkmW8c+A3doGk5Og/YW4=
  
  ts-dedent@^1.1.1:
    version "1.1.1"
    resolved "https://registry.yarnpkg.com/ts-dedent/-/ts-dedent-1.1.1.tgz#68fad040d7dbd53a90f545b450702340e17d18f3"
    integrity sha512-UGTRZu1evMw4uTPyYF66/KFd22XiU+jMaIuHrkIHQ2GivAXVlLV0v/vHrpOuTRf9BmpNHi/SO7Vd0rLu0y57jg==
  
  ts-essentials@^2.0.3:
    version "2.0.12"
    resolved "https://registry.yarnpkg.com/ts-essentials/-/ts-essentials-2.0.12.tgz#c9303f3d74f75fa7528c3d49b80e089ab09d8745"
    integrity sha512-3IVX4nI6B5cc31/GFFE+i8ey/N2eA0CZDbo6n0yrz0zDX8ZJ8djmU1p+XRz7G3is0F3bB3pu2pAroFdAWQKU3w==
  
  unquote@^1.1.0:
    version "1.1.1"
    resolved "https://registry.yarnpkg.com/unquote/-/unquote-1.1.1.tgz#8fded7324ec6e88a0ff8b905e7c098cdc086d544"
    integrity sha1-j97XMk7G6IoP+LkF58CYzcCG1UQ=
  
  use-composed-ref@^1.0.0:
    version "1.0.0"
    resolved "https://registry.yarnpkg.com/use-composed-ref/-/use-composed-ref-1.0.0.tgz#bb13e8f4a0b873632cde4940abeb88b92d03023a"
    integrity sha512-RVqY3NFNjZa0xrmK3bIMWNmQ01QjKPDc7DeWR3xa/N8aliVppuutOE5bZzPkQfvL+5NRWMMp0DJ99Trd974FIw==
    dependencies:
      ts-essentials "^2.0.3"
  
  use-isomorphic-layout-effect@^1.0.0:
    version "1.0.0"
    resolved "https://registry.yarnpkg.com/use-isomorphic-layout-effect/-/use-isomorphic-layout-effect-1.0.0.tgz#f56b4ed633e1c21cd9fc76fe249002a1c28989fb"
    integrity sha512-JMwJ7Vd86NwAt1jH7q+OIozZSIxA4ND0fx6AsOe2q1H8ooBUp5aN6DvVCqZiIaYU6JaMRJGyR0FO7EBCIsb/Rg==
  
  use-latest@^1.0.0:
    version "1.1.0"
    resolved "https://registry.yarnpkg.com/use-latest/-/use-latest-1.1.0.tgz#7bf9684555869c3f5f37e10d0884c8accf4d3aa6"
    integrity sha512-gF04d0ZMV3AMB8Q7HtfkAWe+oq1tFXP6dZKwBHQF5nVXtGsh2oAYeeqma5ZzxtlpOcW8Ro/tLcfmEodjDeqtuw==
    dependencies:
      use-isomorphic-layout-effect "^1.0.0"
  
  util-deprecate@^1.0.2, util-deprecate@~1.0.1:
    version "1.0.2"
    resolved "https://registry.yarnpkg.com/util-deprecate/-/util-deprecate-1.0.2.tgz#450d4dc9fa70de732762fbd2d4a28981419a0ccf"
    integrity sha1-RQ1Nyfpw3nMnYvvS1KKJgUGaDM8=
  
  warning@^4.0.2, warning@^4.0.3:
    version "4.0.3"
    resolved "https://registry.yarnpkg.com/warning/-/warning-4.0.3.tgz#16e9e077eb8a86d6af7d64aa1e05fd85b4678ca3"
    integrity sha512-rpJyN222KWIvHJ/F53XSZv0Zl/accqHR8et1kpaMTD/fLCRxtV8iX8czMzY7sVZupTI3zcUTg8eycS2kNF9l6w==
    dependencies:
      loose-envify "^1.0.0"
  
  wide-align@^1.1.0:
    version "1.1.3"
    resolved "https://registry.yarnpkg.com/wide-align/-/wide-align-1.1.3.tgz#ae074e6bdc0c14a431e804e624549c633b000457"
    integrity sha512-QGkOQc8XL6Bt5PwnsExKBPuMKBxnGxWWW3fU55Xt4feHozMUhdUMaBCk290qpm/wG5u/RSKzwdAC4i51YigihA==
    dependencies:
      string-width "^1.0.2 || 2"
  
  xtend@^4.0.0:
    version "4.0.2"
    resolved "https://registry.yarnpkg.com/xtend/-/xtend-4.0.2.tgz#bb72779f5fa465186b1f438f674fa347fdb5db54"
    integrity sha512-LKYU1iAXJXUgAXn9URjiu+MWhyUXHsvfp7mcuYm9dSUKK0/CjtrUwFAxD82/mCWbtLsGjFIad0wIsod4zrTAEQ==
  
  yaml@^1.7.2:
    version "1.10.0"
    resolved "https://registry.yarnpkg.com/yaml/-/yaml-1.10.0.tgz#3b593add944876077d4d683fee01081bd9fff31e"
    integrity sha512-yr2icI4glYaNG+KWONODapy2/jDdMSDnrONSjblABjD9B4Z5LgiircSt8m8sRZFNi08kG9Sm0uSHtEmP3zaEGg==
